This is pdfTeX, Version 3.141592653-2.6-1.40.25 (TeX Live 2023/Debian) (preloaded format=pdflatex 2025.12.30)  7 JAN 2026 12:51
entering extended mode
 restricted \write18 enabled.
 %&-line parsing enabled.
**mainTemplate_JIKI.tex
(./mainTemplate_JIKI.tex
LaTeX2e <2023-11-01> patch level 1
L3 programming layer <2024-01-22>
(./IEEEtran.cls
Document Class: IEEEtran 2015/08/26 V1.8b by Michael Shell
-- See the "IEEEtran_HOWTO" manual for usage information.
-- http://www.michaelshell.org/tex/ieeetran/
\@IEEEtrantmpdimenA=\dimen140
\@IEEEtrantmpdimenB=\dimen141
\@IEEEtrantmpdimenC=\dimen142
\@IEEEtrantmpcountA=\count187
\@IEEEtrantmpcountB=\count188
\@IEEEtrantmpcountC=\count189
\@IEEEtrantmptoksA=\toks17
LaTeX Font Info:    Trying to load font information for OT1+ptm on input line 5
03.
(/usr/share/texlive/texmf-dist/tex/latex/psnfss/ot1ptm.fd
File: ot1ptm.fd 2001/06/04 font definitions for OT1/ptm.
)
-- Using IEEE Computer Society mode.
-- Using 8.5in x 11in (letter) paper.
-- Using PDF output.
\@IEEEnormalsizeunitybaselineskip=\dimen143
-- This is a 10 point document.
\CLASSINFOnormalsizebaselineskip=\dimen144
\CLASSINFOnormalsizeunitybaselineskip=\dimen145
\IEEEnormaljot=\dimen146
LaTeX Font Info:    Font shape `OT1/ptm/bx/n' in size <5.01874> not available
(Font)              Font shape `OT1/ptm/b/n' tried instead on input line 1074.
LaTeX Font Info:    Font shape `OT1/ptm/bx/it' in size <5.01874> not available
(Font)              Font shape `OT1/ptm/b/it' tried instead on input line 1074.

LaTeX Font Info:    Font shape `OT1/ptm/bx/n' in size <7.02625> not available
(Font)              Font shape `OT1/ptm/b/n' tried instead on input line 1074.
LaTeX Font Info:    Font shape `OT1/ptm/bx/it' in size <7.02625> not available
(Font)              Font shape `OT1/ptm/b/it' tried instead on input line 1074.

LaTeX Font Info:    Font shape `OT1/ptm/bx/n' in size <8.03> not available
(Font)              Font shape `OT1/ptm/b/n' tried instead on input line 1074.
LaTeX Font Info:    Font shape `OT1/ptm/bx/it' in size <8.03> not available
(Font)              Font shape `OT1/ptm/b/it' tried instead on input line 1074.

LaTeX Font Info:    Font shape `OT1/ptm/bx/n' in size <9.03374> not available
(Font)              Font shape `OT1/ptm/b/n' tried instead on input line 1074.
LaTeX Font Info:    Font shape `OT1/ptm/bx/it' in size <9.03374> not available
(Font)              Font shape `OT1/ptm/b/it' tried instead on input line 1074.

LaTeX Font Info:    Font shape `OT1/ptm/bx/n' in size <10.03749> not available
(Font)              Font shape `OT1/ptm/b/n' tried instead on input line 1074.
LaTeX Font Info:    Font shape `OT1/ptm/bx/it' in size <10.03749> not available

(Font)              Font shape `OT1/ptm/b/it' tried instead on input line 1074.

LaTeX Font Info:    Font shape `OT1/ptm/bx/n' in size <11.04124> not available
(Font)              Font shape `OT1/ptm/b/n' tried instead on input line 1074.
LaTeX Font Info:    Font shape `OT1/ptm/bx/it' in size <11.04124> not available

(Font)              Font shape `OT1/ptm/b/it' tried instead on input line 1074.

LaTeX Font Info:    Font shape `OT1/ptm/bx/n' in size <12.045> not available
(Font)              Font shape `OT1/ptm/b/n' tried instead on input line 1074.
LaTeX Font Info:    Font shape `OT1/ptm/bx/it' in size <12.045> not available
(Font)              Font shape `OT1/ptm/b/it' tried instead on input line 1074.

LaTeX Font Info:    Font shape `OT1/ptm/bx/n' in size <17.06374> not available
(Font)              Font shape `OT1/ptm/b/n' tried instead on input line 1074.
LaTeX Font Info:    Font shape `OT1/ptm/bx/it' in size <17.06374> not available

(Font)              Font shape `OT1/ptm/b/it' tried instead on input line 1074.

LaTeX Font Info:    Font shape `OT1/ptm/bx/n' in size <20.075> not available
(Font)              Font shape `OT1/ptm/b/n' tried instead on input line 1074.
LaTeX Font Info:    Font shape `OT1/ptm/bx/it' in size <20.075> not available
(Font)              Font shape `OT1/ptm/b/it' tried instead on input line 1074.

LaTeX Font Info:    Font shape `OT1/ptm/bx/n' in size <24.09> not available
(Font)              Font shape `OT1/ptm/b/n' tried instead on input line 1074.
LaTeX Font Info:    Font shape `OT1/ptm/bx/it' in size <24.09> not available
(Font)              Font shape `OT1/ptm/b/it' tried instead on input line 1074.

\IEEEquantizedlength=\dimen147
\IEEEquantizedlengthdiff=\dimen148
\IEEEquantizedtextheightdiff=\dimen149
\IEEEilabelindentA=\dimen150
\IEEEilabelindentB=\dimen151
\IEEEilabelindent=\dimen152
\IEEEelabelindent=\dimen153
\IEEEdlabelindent=\dimen154
\IEEElabelindent=\dimen155
\IEEEiednormlabelsep=\dimen156
\IEEEiedmathlabelsep=\dimen157
\IEEEiedtopsep=\skip48
\c@section=\count190
\c@subsection=\count191
\c@subsubsection=\count192
\c@paragraph=\count193
\c@IEEEsubequation=\count194
\abovecaptionskip=\skip49
\belowcaptionskip=\skip50
\c@figure=\count195
\c@table=\count196
\@IEEEeqnnumcols=\count197
\@IEEEeqncolcnt=\count198
\@IEEEsubeqnnumrollback=\count199
\@IEEEquantizeheightA=\dimen158
\@IEEEquantizeheightB=\dimen159
\@IEEEquantizeheightC=\dimen160
\@IEEEquantizeprevdepth=\dimen161
\@IEEEquantizemultiple=\count266
\@IEEEquantizeboxA=\box51
\@IEEEtmpitemindent=\dimen162
\IEEEPARstartletwidth=\dimen163
\c@IEEEbiography=\count267
\@IEEEtranrubishbin=\box52
) (/usr/share/texlive/texmf-dist/tex/latex/natbib/natbib.sty
Package: natbib 2010/09/13 8.31b (PWD, AO)
\bibhang=\skip51
\bibsep=\skip52
LaTeX Info: Redefining \cite on input line 694.
\c@NAT@ctr=\count268
) (./caption.sty
Package: caption 2004/05/16 v3.0b Customising captions (AS)
\captionmargin=\dimen164
\captionwidth=\dimen165
\captionindent=\dimen166
\captionparindent=\dimen167
\captionhangindent=\dimen168

(/usr/share/texlive/texmf-dist/tex/latex/graphics/keyval.sty
Package: keyval 2022/05/29 v1.15 key=value parser (DPC)
\KV@toks@=\toks18
)) (./balance.sty
Package: balance 1999/02/23 4.3 (PWD)
\oldvsize=\dimen169
)
(/usr/share/texlive/texmf-dist/tex/latex/graphics/graphicx.sty
Package: graphicx 2021/09/16 v1.2d Enhanced LaTeX Graphics (DPC,SPQR)

(/usr/share/texlive/texmf-dist/tex/latex/graphics/graphics.sty
Package: graphics 2022/03/10 v1.4e Standard LaTeX Graphics (DPC,SPQR)

(/usr/share/texlive/texmf-dist/tex/latex/graphics/trig.sty
Package: trig 2021/08/11 v1.11 sin cos tan (DPC)
)
(/usr/share/texlive/texmf-dist/tex/latex/graphics-cfg/graphics.cfg
File: graphics.cfg 2016/06/04 v1.11 sample graphics configuration
)
Package graphics Info: Driver file: pdftex.def on input line 107.

(/usr/share/texlive/texmf-dist/tex/latex/graphics-def/pdftex.def
File: pdftex.def 2022/09/22 v1.2b Graphics/color driver for pdftex
))
\Gin@req@height=\dimen170
\Gin@req@width=\dimen171
)
(/usr/share/texlive/texmf-dist/tex/latex/amsmath/amsmath.sty
Package: amsmath 2023/05/13 v2.17o AMS math features
\@mathmargin=\skip53

For additional information on amsmath, use the `?' option.
(/usr/share/texlive/texmf-dist/tex/latex/amsmath/amstext.sty
Package: amstext 2021/08/26 v2.01 AMS text

(/usr/share/texlive/texmf-dist/tex/latex/amsmath/amsgen.sty
File: amsgen.sty 1999/11/30 v2.0 generic functions
\@emptytoks=\toks19
\ex@=\dimen172
))
(/usr/share/texlive/texmf-dist/tex/latex/amsmath/amsbsy.sty
Package: amsbsy 1999/11/29 v1.2d Bold Symbols
\pmbraise@=\dimen173
)
(/usr/share/texlive/texmf-dist/tex/latex/amsmath/amsopn.sty
Package: amsopn 2022/04/08 v2.04 operator names
)
\inf@bad=\count269
LaTeX Info: Redefining \frac on input line 234.
\uproot@=\count270
\leftroot@=\count271
LaTeX Info: Redefining \overline on input line 399.
LaTeX Info: Redefining \colon on input line 410.
\classnum@=\count272
\DOTSCASE@=\count273
LaTeX Info: Redefining \ldots on input line 496.
LaTeX Info: Redefining \dots on input line 499.
LaTeX Info: Redefining \cdots on input line 620.
\Mathstrutbox@=\box53
\strutbox@=\box54
LaTeX Info: Redefining \big on input line 722.
LaTeX Info: Redefining \Big on input line 723.
LaTeX Info: Redefining \bigg on input line 724.
LaTeX Info: Redefining \Bigg on input line 725.
\big@size=\dimen174
LaTeX Font Info:    Redeclaring font encoding OML on input line 743.
LaTeX Font Info:    Redeclaring font encoding OMS on input line 744.
\macc@depth=\count274
LaTeX Info: Redefining \bmod on input line 905.
LaTeX Info: Redefining \pmod on input line 910.
LaTeX Info: Redefining \smash on input line 940.
LaTeX Info: Redefining \relbar on input line 970.
LaTeX Info: Redefining \Relbar on input line 971.
\c@MaxMatrixCols=\count275
\dotsspace@=\muskip16
\c@parentequation=\count276
\dspbrk@lvl=\count277
\tag@help=\toks20
\row@=\count278
\column@=\count279
\maxfields@=\count280
\andhelp@=\toks21
\eqnshift@=\dimen175
\alignsep@=\dimen176
\tagshift@=\dimen177
\tagwidth@=\dimen178
\totwidth@=\dimen179
\lineht@=\dimen180
\@envbody=\toks22
\multlinegap=\skip54
\multlinetaggap=\skip55
\mathdisplay@stack=\toks23
LaTeX Info: Redefining \[ on input line 2953.
LaTeX Info: Redefining \] on input line 2954.
)
(/usr/share/texlive/texmf-dist/tex/latex/tools/array.sty
Package: array 2023/10/16 v2.5g Tabular extension package (FMi)
\col@sep=\dimen181
\ar@mcellbox=\box55
\extrarowheight=\dimen182
\NC@list=\toks24
\extratabsurround=\skip56
\backup@length=\skip57
\ar@cellbox=\box56
)
(/usr/share/texlive/texmf-dist/tex/generic/babel/babel.sty
Package: babel 2024/01/07 v24.1 The Babel package
\babel@savecnt=\count281
\U@D=\dimen183
\l@unhyphenated=\language5

(/usr/share/texlive/texmf-dist/tex/generic/babel/txtbabel.def)
\bbl@readstream=\read2
\bbl@dirlevel=\count282

(/usr/share/texlive/texmf-dist/tex/generic/babel-english/english.ldf
Language: english 2017/06/06 v3.3r English support from the babel system
Package babel Info: Hyphen rules for 'british' set to \l@english
(babel)             (\language0). Reported on input line 82.
Package babel Info: Hyphen rules for 'UKenglish' set to \l@english
(babel)             (\language0). Reported on input line 83.
Package babel Info: Hyphen rules for 'canadian' set to \l@english
(babel)             (\language0). Reported on input line 102.
Package babel Info: Hyphen rules for 'australian' set to \l@english
(babel)             (\language0). Reported on input line 105.
Package babel Info: Hyphen rules for 'newzealand' set to \l@english
(babel)             (\language0). Reported on input line 108.
))
(/usr/share/texlive/texmf-dist/tex/generic/babel/locale/en/babel-english.tex
Package babel Info: Importing font and identification data for english
(babel)             from babel-en.ini. Reported on input line 11.
)
(/usr/share/texlive/texmf-dist/tex/latex/blindtext/blindtext.sty
Package: blindtext 2012/01/06 V2.0 blindtext-Package

(/usr/share/texlive/texmf-dist/tex/latex/tools/xspace.sty
Package: xspace 2014/10/28 v1.13 Space after command names (DPC,MH)
)
\c@blindtext=\count283
\c@Blindtext=\count284
\c@blind@countparstart=\count285
\blind@countxx=\count286
\blindtext@numBlindtext=\count287
\blind@countyy=\count288
\c@blindlist=\count289
\c@blindlistlevel=\count290
\c@blindlist@level=\count291
\blind@listitem=\count292
\c@blind@listcount=\count293
\c@blind@levelcount=\count294
\blind@mathformula=\count295
\blind@Mathformula=\count296
\c@blind@randomcount=\count297
\c@blind@randommax=\count298
\c@blind@pangramcount=\count299
\c@blind@pangrammax=\count300
)
(/usr/share/texlive/texmf-dist/tex/latex/url/url.sty
\Urlmuskip=\muskip17
Package: url 2013/09/16  ver 3.4  Verb mode for urls, etc.
)
(/usr/share/texlive/texmf-dist/tex/latex/listings/listings.sty
\lst@mode=\count301
\lst@gtempboxa=\box57
\lst@token=\toks25
\lst@length=\count302
\lst@currlwidth=\dimen184
\lst@column=\count303
\lst@pos=\count304
\lst@lostspace=\dimen185
\lst@width=\dimen186
\lst@newlines=\count305
\lst@lineno=\count306
\lst@maxwidth=\dimen187

(/usr/share/texlive/texmf-dist/tex/latex/listings/lstmisc.sty
File: lstmisc.sty 2023/02/27 1.9 (Carsten Heinz)
\c@lstnumber=\count307
\lst@skipnumbers=\count308
\lst@framebox=\box58
)
(/usr/share/texlive/texmf-dist/tex/latex/listings/listings.cfg
File: listings.cfg 2023/02/27 1.9 listings configuration
))
Package: listings 2023/02/27 1.9 (Carsten Heinz)

(/usr/share/texlive/texmf-dist/tex/latex/inconsolata/inconsolata.sty
Package: inconsolata 2019/05/17 v1.12

`inconsolata-zi4' v1.12, 2019/05/17 Text macros for Inconsolata (msharpe)
(/usr/share/texlive/texmf-dist/tex/latex/base/textcomp.sty
Package: textcomp 2020/02/02 v2.0n Standard LaTeX package
)
(/usr/share/texlive/texmf-dist/tex/latex/xkeyval/xkeyval.sty
Package: xkeyval 2022/06/16 v2.9 package option processing (HA)

(/usr/share/texlive/texmf-dist/tex/generic/xkeyval/xkeyval.tex
(/usr/share/texlive/texmf-dist/tex/generic/xkeyval/xkvutils.tex
\XKV@toks=\toks26
\XKV@tempa@toks=\toks27
)
\XKV@depth=\count309
File: xkeyval.tex 2014/12/03 v2.7a key=value parser (HA)
))
\zifour@ocount=\count310
)
(/usr/share/texlive/texmf-dist/tex/latex/footmisc/footmisc.sty
Package: footmisc 2023/07/05 v6.0f a miscellany of footnote facilities
\FN@temptoken=\toks28
\footnotemargin=\dimen188
\@outputbox@depth=\dimen189
Package footmisc Info: Declaring symbol style bringhurst on input line 696.
Package footmisc Info: Declaring symbol style chicago on input line 704.
Package footmisc Info: Declaring symbol style wiley on input line 713.
Package footmisc Info: Declaring symbol style lamport-robust on input line 724.

Package footmisc Info: Declaring symbol style lamport* on input line 744.
Package footmisc Info: Declaring symbol style lamport*-robust on input line 765
.
)
(/usr/share/texlive/texmf-dist/tex/latex/geometry/geometry.sty
Package: geometry 2020/01/02 v5.9 Page Geometry

(/usr/share/texlive/texmf-dist/tex/generic/iftex/ifvtex.sty
Package: ifvtex 2019/10/25 v1.7 ifvtex legacy package. Use iftex instead.

(/usr/share/texlive/texmf-dist/tex/generic/iftex/iftex.sty
Package: iftex 2022/02/03 v1.0f TeX engine tests
))
\Gm@cnth=\count311
\Gm@cntv=\count312
\c@Gm@tempcnt=\count313
\Gm@bindingoffset=\dimen190
\Gm@wd@mp=\dimen191
\Gm@odd@mp=\dimen192
\Gm@even@mp=\dimen193
\Gm@layoutwidth=\dimen194
\Gm@layoutheight=\dimen195
\Gm@layouthoffset=\dimen196
\Gm@layoutvoffset=\dimen197
\Gm@dimlist=\toks29
)
(/usr/share/texlive/texmf-dist/tex/latex/fancyhdr/fancyhdr.sty
Package: fancyhdr 2022/11/09 v4.1 Extensive control of page headers and footers

\f@nch@headwidth=\skip58
\f@nch@O@elh=\skip59
\f@nch@O@erh=\skip60
\f@nch@O@olh=\skip61
\f@nch@O@orh=\skip62
\f@nch@O@elf=\skip63
\f@nch@O@erf=\skip64
\f@nch@O@olf=\skip65
\f@nch@O@orf=\skip66
)
(/usr/share/texlive/texmf-dist/tex/latex/hyperref/hyperref.sty
Package: hyperref 2024-01-20 v7.01h Hypertext links for LaTeX

(/usr/share/texlive/texmf-dist/tex/latex/kvsetkeys/kvsetkeys.sty
Package: kvsetkeys 2022-10-05 v1.19 Key value parser (HO)
)
(/usr/share/texlive/texmf-dist/tex/generic/kvdefinekeys/kvdefinekeys.sty
Package: kvdefinekeys 2019-12-19 v1.6 Define keys (HO)
)
(/usr/share/texlive/texmf-dist/tex/generic/pdfescape/pdfescape.sty
Package: pdfescape 2019/12/09 v1.15 Implements pdfTeX's escape features (HO)

(/usr/share/texlive/texmf-dist/tex/generic/ltxcmds/ltxcmds.sty
Package: ltxcmds 2023-12-04 v1.26 LaTeX kernel commands for general use (HO)
)
(/usr/share/texlive/texmf-dist/tex/generic/pdftexcmds/pdftexcmds.sty
Package: pdftexcmds 2020-06-27 v0.33 Utility functions of pdfTeX for LuaTeX (HO
)

(/usr/share/texlive/texmf-dist/tex/generic/infwarerr/infwarerr.sty
Package: infwarerr 2019/12/03 v1.5 Providing info/warning/error messages (HO)
)
Package pdftexcmds Info: \pdf@primitive is available.
Package pdftexcmds Info: \pdf@ifprimitive is available.
Package pdftexcmds Info: \pdfdraftmode found.
))
(/usr/share/texlive/texmf-dist/tex/latex/hycolor/hycolor.sty
Package: hycolor 2020-01-27 v1.10 Color options for hyperref/bookmark (HO)
)
(/usr/share/texlive/texmf-dist/tex/latex/auxhook/auxhook.sty
Package: auxhook 2019-12-17 v1.6 Hooks for auxiliary files (HO)
)
(/usr/share/texlive/texmf-dist/tex/latex/hyperref/nameref.sty
Package: nameref 2023-11-26 v2.56 Cross-referencing by name of section

(/usr/share/texlive/texmf-dist/tex/latex/refcount/refcount.sty
Package: refcount 2019/12/15 v3.6 Data extraction from label references (HO)
)
(/usr/share/texlive/texmf-dist/tex/generic/gettitlestring/gettitlestring.sty
Package: gettitlestring 2019/12/15 v1.6 Cleanup title references (HO)

(/usr/share/texlive/texmf-dist/tex/latex/kvoptions/kvoptions.sty
Package: kvoptions 2022-06-15 v3.15 Key value format for package options (HO)
))
\c@section@level=\count314
)
(/usr/share/texlive/texmf-dist/tex/latex/etoolbox/etoolbox.sty
Package: etoolbox 2020/10/05 v2.5k e-TeX tools for LaTeX (JAW)
\etb@tempcnta=\count315
)
\@linkdim=\dimen198
\Hy@linkcounter=\count316
\Hy@pagecounter=\count317

(/usr/share/texlive/texmf-dist/tex/latex/hyperref/pd1enc.def
File: pd1enc.def 2024-01-20 v7.01h Hyperref: PDFDocEncoding definition (HO)
Now handling font encoding PD1 ...
... no UTF-8 mapping file for font encoding PD1
)
(/usr/share/texlive/texmf-dist/tex/generic/intcalc/intcalc.sty
Package: intcalc 2019/12/15 v1.3 Expandable calculations with integers (HO)
)
\Hy@SavedSpaceFactor=\count318

(/usr/share/texlive/texmf-dist/tex/latex/hyperref/puenc.def
File: puenc.def 2024-01-20 v7.01h Hyperref: PDF Unicode definition (HO)
Now handling font encoding PU ...
... no UTF-8 mapping file for font encoding PU
)
Package hyperref Info: Hyper figures OFF on input line 4179.
Package hyperref Info: Link nesting OFF on input line 4184.
Package hyperref Info: Hyper index ON on input line 4187.
Package hyperref Info: Plain pages OFF on input line 4194.
Package hyperref Info: Backreferencing OFF on input line 4199.
Package hyperref Info: Implicit mode ON; LaTeX internals redefined.
Package hyperref Info: Bookmarks ON on input line 4446.
\c@Hy@tempcnt=\count319
LaTeX Info: Redefining \url on input line 4784.
\XeTeXLinkMargin=\dimen199

(/usr/share/texlive/texmf-dist/tex/generic/bitset/bitset.sty
Package: bitset 2019/12/09 v1.3 Handle bit-vector datatype (HO)

(/usr/share/texlive/texmf-dist/tex/generic/bigintcalc/bigintcalc.sty
Package: bigintcalc 2019/12/15 v1.5 Expandable calculations on big integers (HO
)
))
\Fld@menulength=\count320
\Field@Width=\dimen256
\Fld@charsize=\dimen257
Package hyperref Info: Hyper figures OFF on input line 6063.
Package hyperref Info: Link nesting OFF on input line 6068.
Package hyperref Info: Hyper index ON on input line 6071.
Package hyperref Info: backreferencing OFF on input line 6078.
Package hyperref Info: Link coloring OFF on input line 6083.
Package hyperref Info: Link coloring with OCG OFF on input line 6088.
Package hyperref Info: PDF/A mode OFF on input line 6093.

(/usr/share/texlive/texmf-dist/tex/latex/base/atbegshi-ltx.sty
Package: atbegshi-ltx 2021/01/10 v1.0c Emulation of the original atbegshi
package with kernel methods
)
\Hy@abspage=\count321
\c@Item=\count322
\c@Hfootnote=\count323
)
Package hyperref Info: Driver (autodetected): hpdftex.

(/usr/share/texlive/texmf-dist/tex/latex/hyperref/hpdftex.def
File: hpdftex.def 2024-01-20 v7.01h Hyperref driver for pdfTeX

(/usr/share/texlive/texmf-dist/tex/latex/base/atveryend-ltx.sty
Package: atveryend-ltx 2020/08/19 v1.0a Emulation of the original atveryend pac
kage
with kernel methods
)
\Fld@listcount=\count324
\c@bookmark@seq@number=\count325

(/usr/share/texlive/texmf-dist/tex/latex/rerunfilecheck/rerunfilecheck.sty
Package: rerunfilecheck 2022-07-10 v1.10 Rerun checks for auxiliary files (HO)

(/usr/share/texlive/texmf-dist/tex/generic/uniquecounter/uniquecounter.sty
Package: uniquecounter 2019/12/15 v1.4 Provide unlimited unique counter (HO)
)
Package uniquecounter Info: New unique counter `rerunfilecheck' on input line 2
85.
)
\Hy@SectionHShift=\skip67
)
(/usr/share/texlive/texmf-dist/tex/latex/l3backend/l3backend-pdftex.def
File: l3backend-pdftex.def 2024-01-04 L3 backend support: PDF output (pdfTeX)
\l__color_backend_stack_int=\count326
\l__pdf_internal_box=\box59
)
(./mainTemplate_JIKI.aux)
\openout1 = `mainTemplate_JIKI.aux'.

LaTeX Font Info:    Checking defaults for OML/cmm/m/it on input line 345.
LaTeX Font Info:    ... okay on input line 345.
LaTeX Font Info:    Checking defaults for OMS/cmsy/m/n on input line 345.
LaTeX Font Info:    ... okay on input line 345.
LaTeX Font Info:    Checking defaults for OT1/cmr/m/n on input line 345.
LaTeX Font Info:    ... okay on input line 345.
LaTeX Font Info:    Checking defaults for T1/cmr/m/n on input line 345.
LaTeX Font Info:    ... okay on input line 345.
LaTeX Font Info:    Checking defaults for TS1/cmr/m/n on input line 345.
LaTeX Font Info:    ... okay on input line 345.
LaTeX Font Info:    Checking defaults for OMX/cmex/m/n on input line 345.
LaTeX Font Info:    ... okay on input line 345.
LaTeX Font Info:    Checking defaults for U/cmr/m/n on input line 345.
LaTeX Font Info:    ... okay on input line 345.
LaTeX Font Info:    Checking defaults for PD1/pdf/m/n on input line 345.
LaTeX Font Info:    ... okay on input line 345.
LaTeX Font Info:    Checking defaults for PU/pdf/m/n on input line 345.
LaTeX Font Info:    ... okay on input line 345.

-- Lines per column: 55 (approximate, difference = 5.94406pt).
(/usr/share/texlive/texmf-dist/tex/latex/ragged2e/ragged2e.sty
Package: ragged2e 2023/06/22 v3.6 ragged2e Package
\CenteringLeftskip=\skip68
\RaggedLeftLeftskip=\skip69
\RaggedRightLeftskip=\skip70
\CenteringRightskip=\skip71
\RaggedLeftRightskip=\skip72
\RaggedRightRightskip=\skip73
\CenteringParfillskip=\skip74
\RaggedLeftParfillskip=\skip75
\RaggedRightParfillskip=\skip76
\JustifyingParfillskip=\skip77
\CenteringParindent=\skip78
\RaggedLeftParindent=\skip79
\RaggedRightParindent=\skip80
\JustifyingParindent=\skip81
)
Package caption Info: float package v1.2 (or newer) detected on input line 345.

Package caption Info: listings package v1.2 (or newer) detected on input line 3
45.
Package caption Info: longtable package v3.15 (or newer) detected on input line
 345.
Package caption Info: rotating package v2.0 (or newer) detected on input line 3
45.
Package caption Info: sidecap package v1.4d (or newer) detected on input line 3
45.
Package caption Info: supertabular package detected on input line 345.

(/usr/share/texlive/texmf-dist/tex/context/base/mkii/supp-pdf.mkii
[Loading MPS to PDF converter (version 2006.09.02).]
\scratchcounter=\count327
\scratchdimen=\dimen258
\scratchbox=\box60
\nofMPsegments=\count328
\nofMParguments=\count329
\everyMPshowfont=\toks30
\MPscratchCnt=\count330
\MPscratchDim=\dimen259
\MPnumerator=\count331
\makeMPintoPDFobject=\count332
\everyMPtoPDFconversion=\toks31
) (/usr/share/texlive/texmf-dist/tex/latex/epstopdf-pkg/epstopdf-base.sty
Package: epstopdf-base 2020-01-24 v2.11 Base part for package epstopdf
Package epstopdf-base Info: Redefining graphics rule for `.eps' on input line 4
85.

(/usr/share/texlive/texmf-dist/tex/latex/latexconfig/epstopdf-sys.cfg
File: epstopdf-sys.cfg 2010/07/13 v1.3 Configuration of (r)epstopdf for TeX Liv
e
))
\c@lstlisting=\count333

(/usr/share/texlive/texmf-dist/tex/latex/upquote/upquote.sty
Package: upquote 2012/04/19 v1.3 upright-quote and grave-accent glyphs in verba
tim
)
*geometry* driver: auto-detecting
*geometry* detected driver: pdftex
*geometry* verbose mode - [ preamble ] result:
* driver: pdftex
* paper: <default>
* layout: <same size as paper>
* layoutoffset:(h,v)=(0.0pt,0.0pt)
* modes: twoside 
* h-part:(L,W,R)=(85.35826pt, 443.57848pt, 85.35826pt)
* v-part:(T,H,B)=(85.35826pt, 624.25346pt, 85.35826pt)
* \paperwidth=614.295pt
* \paperheight=794.96999pt
* \textwidth=443.57848pt
* \textheight=624.25346pt
* \oddsidemargin=13.08827pt
* \evensidemargin=13.08827pt
* \topmargin=-28.35265pt
* \headheight=22.0pt
* \headsep=29.44092pt
* \topskip=11.24199pt
* \footskip=40.08385pt
* \marginparwidth=20.0pt
* \marginparsep=10.0pt
* \columnsep=18.06749pt
* \skip\footins=10.11772pt plus 4.49672pt minus 2.24835pt
* \hoffset=0.0pt
* \voffset=0.0pt
* \mag=1000
* \@twocolumntrue
* \@twosidetrue
* \@mparswitchtrue
* \@reversemarginfalse
* (1in=72.27pt=25.4mm, 1cm=28.453pt)

Package hyperref Info: Link coloring OFF on input line 345.
(./mainTemplate_JIKI.out) (./mainTemplate_JIKI.out)
\@outlinefile=\write3
\openout3 = `mainTemplate_JIKI.out'.

LaTeX Font Info:    Trying to load font information for OT1+phv on input line 4
10.

(/usr/share/texlive/texmf-dist/tex/latex/psnfss/ot1phv.fd
File: ot1phv.fd 2020/03/25 scalable font definitions for OT1/phv.
)

LaTeX Warning: No \author given.


Underfull \hbox (badness 10000) in paragraph at lines 410--410

 []


Underfull \hbox (badness 10000) in paragraph at lines 410--410

 []

** WARNING: \IEEEPARstart is locked out when in conference mode (line 424).
LaTeX Font Info:    Calculating math sizes for size <10.03749> on input line 43
0.
[1{/var/lib/texmf/fonts/map/pdftex/updmap/pdftex.map}{/usr/share/texlive/texmf-
dist/fonts/enc/dvips/base/8r.enc}


]
<images/publication_trend_chart.png, id=339, 246.6816pt x 246.6816pt>
File: images/publication_trend_chart.png Graphic file (type png)
<use images/publication_trend_chart.png>
Package pdftex.def Info: images/publication_trend_chart.png  used on input line
 439.
(pdftex.def)             Requested size: 191.47864pt x 191.48491pt.

Underfull \hbox (badness 5133) in paragraph at lines 446--447
[]\OT1/ptm/m/n/10.03749 By 2022--2023, the fo-cus shifted to-wards
 []

[2 <./images/publication_trend_chart.png>]
Underfull \hbox (badness 1755) in paragraph at lines 469--470
\OT1/ptm/m/n/10.03749 What prob-lem set-tings de-fine the state-
 []


Underfull \hbox (badness 1377) in paragraph at lines 469--470
\OT1/ptm/m/n/10.03749 u-a-tion pro-to-cols stan-dard-ized (or var-ied)
 []


Underfull \hbox (badness 3229) in paragraph at lines 470--471
\OT1/ptm/m/n/10.03749 FSL paradigms dom-i-nate the land-scape
 []


Underfull \hbox (badness 10000) in paragraph at lines 470--471
\OT1/ptm/m/n/10.03749 (metric-based, optimization-based/meta-
 []


Underfull \hbox (badness 5741) in paragraph at lines 470--471
\OT1/ptm/m/n/10.03749 learning, gen-er-a-tive/aug-men-ta-tion, hy-brid
 []


Underfull \hbox (badness 10000) in paragraph at lines 470--471
\OT1/ptm/m/n/10.03749 with self/semi-supervision), and to
 []


Underfull \hbox (badness 5091) in paragraph at lines 470--471
\OT1/ptm/m/n/10.03749 what ex-tent are emerg-ing ar-chi-tec-tures
 []


Underfull \hbox (badness 1371) in paragraph at lines 473--474
\OT1/ptm/m/n/10.03749 cross-dataset do-main shifts, fairness/skin-
 []

[3]
LaTeX Font Info:    Trying to load font information for OT1+zi4 on input line 4
93.
 (/usr/share/texlive/texmf-dist/tex/latex/inconsolata/ot1zi4.fd
File: ot1zi4.fd 2018/01/14 OT1/zi4 (Inconsolata)
)
LaTeX Font Info:    Font shape `OT1/zi4/m/n' will be
(Font)              scaled to size 10.03749pt on input line 493.

Underfull \hbox (badness 3068) in paragraph at lines 493--494
[]\OT1/ptm/m/n/10.03749 A sup-ple-men-tary search was con-ducted in
 []


Underfull \hbox (badness 7379) in paragraph at lines 493--494
\OT1/zi4/m/n/10.03749 OR "meta-learning") AND ("skin" OR
 []

LaTeX Font Info:    Calculating math sizes for size <8.03> on input line 501.

Underfull \hbox (badness 5490) in paragraph at lines 506--507
[]|\OT1/ptm/m/n/8.03 ("few-shot" OR "meta-learn*") AND
 []


Underfull \hbox (badness 10000) in paragraph at lines 509--509
[]|\OT1/ptm/m/n/8.03 After Dedu-pli-ca-
 []


Underfull \hbox (badness 10000) in paragraph at lines 510--510
[]|\OT1/ptm/m/n/8.03 After Ti-tle/Ab-
 []


Overfull \hbox (10.41377pt too wide) in paragraph at lines 501--514
 [][] 
 []


Underfull \hbox (badness 1661) in paragraph at lines 522--523
\OT1/ptm/m/n/10.03749 and Gen-er-a-tive/Aug-men-ta-tion ap-proaches)
 []


Underfull \hbox (badness 5446) in paragraph at lines 523--524
\OT1/ptm/m/n/10.03749 ing (Im-a-geNet), fully su-per-vised Deep
 []


Underfull \hbox (badness 3849) in paragraph at lines 535--536
[]\OT1/ptm/b/n/10.03749 IC5 (Pub-li-ca-tion Type): \OT1/ptm/m/n/10.03749 Peer-r
eviewed
 []

[4{/usr/share/texlive/texmf-dist/fonts/enc/dvips/inconsolata/i4-ot1-0.enc}]
Underfull \hbox (badness 10000) in paragraph at lines 547--548
[]\OT1/ptm/b/n/10.03749 EC4 (Non-Primary/Short): \OT1/ptm/m/n/10.03749 Ed-i-to-
ri-als,
 []


Underfull \hbox (badness 1400) in paragraph at lines 548--549
[]\OT1/ptm/b/n/10.03749 EC5 (Re-dun-dancy): \OT1/ptm/m/n/10.03749 Du-pli-cate p
ub-li-ca-
 []

LaTeX Font Info:    Trying to load font information for OML+ptm on input line 5
74.
(/usr/share/texlive/texmf-dist/tex/latex/psnfss/omlptm.fd
File: omlptm.fd 
)
LaTeX Font Info:    Font shape `OML/ptm/m/n' in size <8.03> not available
(Font)              Font shape `OML/cmm/m/it' tried instead on input line 574.

Overfull \hbox (18.94969pt too wide) in paragraph at lines 558--579
 [][] 
 []

[5]
Underfull \hbox (badness 1478) in paragraph at lines 624--625
\OT1/ptm/m/n/10.03749 traces the tran-si-tion from gen-eral meta-
 []


Underfull \hbox (badness 1460) in paragraph at lines 630--631
[]\OT1/ptm/b/n/10.03749 Addresses Core Clin-i-cal Chal-lenge: \OT1/ptm/m/n/10.0
3749 It
 []


Underfull \hbox (badness 1796) in paragraph at lines 631--632
\OT1/ptm/m/n/10.03749 with al-ter-nat-ing speci-fic/-generic learn-ing.
 []


Underfull \hbox (badness 4859) in paragraph at lines 632--633
\OT1/ptm/m/n/10.03749 RQ6 (Gen-er-al-iza-tion) by test-ing cross-
 []

[6]
LaTeX Font Info:    Calculating math sizes for size <7.02625> on input line 697
.

Underfull \hbox (badness 5388) in paragraph at lines 697--697
[]|\OT1/ptm/m/n/7.02625 Hybrid/Transfer (Adap-tive
 []


Underfull \hbox (badness 10000) in paragraph at lines 697--697
[]|\OT1/ptm/m/n/7.02625 1,5
 []


Underfull \hbox (badness 10000) in paragraph at lines 697--697
\OT1/ptm/m/n/7.02625 (Con-
 []


Underfull \hbox (badness 10000) in paragraph at lines 697--697
[]|\OT1/ptm/m/n/7.02625 Y (t-
 []


Underfull \hbox (badness 10000) in paragraph at lines 697--697
[]|\OT1/ptm/m/n/7.02625 Foundation Model
 []


Underfull \hbox (badness 10000) in paragraph at lines 697--697
[]|\OT1/ptm/m/n/7.02625 Tile-
 []


Underfull \hbox (badness 10000) in paragraph at lines 697--697
[]|\OT1/ptm/m/n/7.02625 Unified Graph-Based
 []


Underfull \hbox (badness 10000) in paragraph at lines 697--697
[]|\OT1/ptm/m/n/7.02625 Hybrid (Met-
 []


Underfull \hbox (badness 3907) in paragraph at lines 697--697
[]|\OT1/ptm/m/n/7.02625 SD-198 (4-way), ISIC
 []


Underfull \hbox (badness 10000) in paragraph at lines 697--697
[]|\OT1/ptm/m/n/7.02625 Comparative Frame-work
 []


Underfull \hbox (badness 10000) in paragraph at lines 697--697
[]|\OT1/ptm/m/n/7.02625 SD-198, Derm7pt,
 []


Underfull \hbox (badness 10000) in paragraph at lines 697--697
[]|\OT1/ptm/m/n/7.02625 Meta-Transfer
 []


Underfull \hbox (badness 10000) in paragraph at lines 697--697
[]|\OT1/ptm/m/n/7.02625 Foundation Model
 []


Underfull \hbox (badness 10000) in paragraph at lines 697--697
[]|\OT1/ptm/m/n/7.02625 5-fold
 []


Underfull \hbox (badness 10000) in paragraph at lines 697--697
[]|\OT1/ptm/m/n/7.02625 Unified Frame-work
 []


Underfull \hbox (badness 10000) in paragraph at lines 697--697
[]|\OT1/ptm/m/n/7.02625 SD-198, Derm7pt,
 []


Underfull \hbox (badness 10000) in paragraph at lines 697--697
[]|\OT1/ptm/m/n/7.02625 Hybrid (URL + Self-
 []


Underfull \hbox (badness 2426) in paragraph at lines 697--697
[]|\OT1/ptm/m/n/7.02625 ISIC 2018, Pap-smear,
 []


Underfull \hbox (badness 10000) in paragraph at lines 697--697
[]|\OT1/ptm/m/n/7.02625 Monkeypox (MSID),
 []


Overfull \hbox (0.74112pt too wide) in paragraph at lines 697--697
[]|\OT1/ptm/m/n/7.02625 1,5,10,20| 
 []


Underfull \hbox (badness 10000) in paragraph at lines 697--697
[]|\OT1/ptm/m/n/7.02625 Binary,
 []


Underfull \hbox (badness 10000) in paragraph at lines 697--697
[]|\OT1/ptm/m/n/7.02625 Hybrid (FS-
 []


Underfull \hbox (badness 10000) in paragraph at lines 697--697
[]|\OT1/ptm/m/n/7.02625 cate-ISIC-3$[]$
 []


Underfull \hbox (badness 10000) in paragraph at lines 697--697
[]|\OT1/ptm/m/n/7.02625 Multi-Task (Attention-
 []


Underfull \hbox (badness 10000) in paragraph at lines 697--697
[]|\OT1/ptm/m/n/7.02625 SNU Hos-pi-tal
 []


Underfull \hbox (badness 10000) in paragraph at lines 697--697
[]|\OT1/ptm/m/n/7.02625 5-fold
 []


Underfull \hbox (badness 10000) in paragraph at lines 697--697
\OT1/ptm/m/n/7.02625 CV
 []


Underfull \hbox (badness 10000) in paragraph at lines 697--697
\OT1/ptm/m/n/7.02625 (RAC:
 []


Underfull \hbox (badness 10000) in paragraph at lines 697--697
[]|\OT1/ptm/m/n/7.02625 Wang (Yixin)
 []


Underfull \hbox (badness 10000) in paragraph at lines 697--697
[]|\OT1/ptm/m/n/7.02625 Cross-Domain Meta-
 []


Underfull \hbox (badness 10000) in paragraph at lines 697--697
[]|\OT1/ptm/m/n/7.02625 Metric (Subspace+Bi-
 []


Overfull \hbox (6.0108pt too wide) in paragraph at lines 697--697
[]|\OT1/ptm/m/n/7.02625 1,3,5,10,15| 
 []


Underfull \hbox (badness 10000) in paragraph at lines 697--697
[]|\OT1/ptm/m/n/7.02625 Hybrid (Ro-bust Meta-
 []


Underfull \hbox (badness 10000) in paragraph at lines 697--697
[]|\OT1/ptm/m/n/7.02625 Metric (Temperature-
 []


Underfull \hbox (badness 10000) in paragraph at lines 697--697
[]|\OT1/ptm/m/n/7.02625 Comparative Frame-work
 []


Underfull \hbox (badness 10000) in paragraph at lines 697--697
[]|\OT1/ptm/m/n/7.02625 ISIC 2018, SD-198,
 []


Underfull \hbox (badness 10000) in paragraph at lines 697--697
[]|\OT1/ptm/m/n/7.02625 ISIC 2018 (head-/-tail
 []


Underfull \hbox (badness 2229) in paragraph at lines 704--704
 \OT1/ptm/b/n/11.04124 3.1. Math-e-mat-i-cal Primer: The Episodic
 []

<images/n_way_k_shot_diagram.png, id=413, 246.6816pt x 246.6816pt>
File: images/n_way_k_shot_diagram.png Graphic file (type png)
<use images/n_way_k_shot_diagram.png>
Package pdftex.def Info: images/n_way_k_shot_diagram.png  used on input line 72
2.
(pdftex.def)             Requested size: 212.7555pt x 212.76309pt.
LaTeX Font Info:    Calculating math sizes for size <9.03374> on input line 723
.
<images/fsl_taxonomy_tree.png, id=415, 246.6816pt x 246.6816pt>
File: images/fsl_taxonomy_tree.png Graphic file (type png)
<use images/fsl_taxonomy_tree.png>
Package pdftex.def Info: images/fsl_taxonomy_tree.png  used on input line 731.
(pdftex.def)             Requested size: 443.57848pt x 443.62pt.
[7 <./images/n_way_k_shot_diagram.png>]
Underfull \vbox (badness 10000) has occurred while \output is active []

 [8]
Underfull \vbox (badness 10000) has occurred while \output is active []


Underfull \vbox (badness 10000) has occurred while \output is active []

 [9 <./images/fsl_taxonomy_tree.png>]
Underfull \hbox (badness 1546) in paragraph at lines 755--756
\OT1/ptm/b/n/10.03749 et al. (2020) \OT1/ptm/m/n/10.03749 [[]], who de-vel-oped
 the \OT1/ptm/b/n/10.03749 Meta-
 []

[10]
Underfull \hbox (badness 3375) in paragraph at lines 773--774
\OT1/ptm/m/n/10.03749 from \OT1/ptm/b/n/10.03749 EfficientNetV2-B0 \OT1/ptm/m/n
/10.03749 back-bone em-bed-dings,
 []

[11]
Underfull \hbox (badness 8189) in paragraph at lines 780--781
[]\OT1/ptm/b/n/10.03749 Dermatologist Tur-ing Tests: \OT1/ptm/m/n/10.03749 Con-
duct
 []


Underfull \hbox (badness 1442) in paragraph at lines 788--789
\OT1/ptm/b/n/10.03749 form-ers (ViTs) \OT1/ptm/m/n/10.03749 and \OT1/ptm/b/n/10
.03749 Parameter-Efficient Fine-
 []


Underfull \hbox (badness 1902) in paragraph at lines 796--797
[]\OT1/ptm/m/n/10.03749 As the field ma-tures, strict bound-aries be-
 []


Underfull \hbox (badness 1533) in paragraph at lines 796--797
\OT1/ptm/m/n/10.03749 tween method-olo-gies are dis-solv-ing, lead-ing to
 []

[12]
Underfull \hbox (badness 4024) in paragraph at lines 814--815
 \OT1/ptm/b/n/10.03749 3.7.3. The Role of Med-i-cal Self-Supervised
 []

[13]
Underfull \hbox (badness 10000) in paragraph at lines 835--835
[]|\OT1/ptm/m/n/8.03 Optimization-
 []


Underfull \hbox (badness 10000) in paragraph at lines 835--835
[]|\OT1/ptm/m/n/8.03 MAML, ST-MetaDiagnosis
 []


Underfull \hbox (badness 1371) in paragraph at lines 838--839
[]|\OT1/ptm/m/n/8.03 Uses Im-a-geNet or domain-specific
 []


Underfull \hbox (badness 10000) in paragraph at lines 839--839
[]|\OT1/ptm/m/n/8.03 Hybrid / Multi-
 []


Underfull \hbox (badness 5954) in paragraph at lines 839--839
[]|\OT1/ptm/m/n/8.03 Advanced rep-re-sen-ta-tion
 []


Underfull \hbox (badness 10000) in paragraph at lines 839--840
[]|\OT1/ptm/m/n/8.03 Integrates hy-per-bolic ge-om-e-try
 []


Underfull \hbox (badness 10000) in paragraph at lines 839--840
\OT1/ptm/m/n/8.03 or gated graph networks with
 []


Underfull \hbox (badness 10000) in paragraph at lines 840--840
[]|\OT1/ptm/m/n/8.03 Comparative
 []


Underfull \hbox (badness 10000) in paragraph at lines 840--840
[]|\OT1/ptm/m/n/8.03 Evaluation of train-ing
 []


Underfull \hbox (badness 10000) in paragraph at lines 840--841
[]|\OT1/ptm/m/n/8.03 Compares Episodic vs. Trans-fer
 []


Underfull \vbox (badness 1052) has occurred while \output is active []


Underfull \hbox (badness 3260) in paragraph at lines 850--851
\OT1/ptm/m/n/10.03749 ploy-able di-ag-nos-tic sys-tems uti-liz-ing attention-
 []


Underfull \hbox (badness 2150) in paragraph at lines 850--851
\OT1/ptm/m/n/10.03749 skin dis-ease di-ag-no-sis and lo-cal-iza-tion. Rather
 []

[14]
Underfull \vbox (badness 10000) has occurred while \output is active []


Underfull \hbox (badness 1681) in paragraph at lines 853--854
[]\OT1/ptm/m/n/10.03749 Not all stud-ies pro-pose novel ar-chi-tec-tures;
 []


Underfull \hbox (badness 1755) in paragraph at lines 853--854
\OT1/ptm/m/n/10.03749 rat-ing both su-per-vised and self-supervised pre-
 []


Underfull \hbox (badness 1365) in paragraph at lines 853--854
\OT1/ptm/m/n/10.03749 train-ing with ad-vanced aug-men-ta-tion tech-niques
 []


Underfull \hbox (badness 1783) in paragraph at lines 853--854
\OT1/ptm/m/n/10.03749 (MixUp, Cut-Mix, Re-sizeMix), re-vealed a crit-i-
 []


Underfull \vbox (badness 5771) has occurred while \output is active []

 [15]
Underfull \hbox (badness 1394) in paragraph at lines 861--861
 \OT1/ptm/b/n/12.045 4. Der-ma-to-log-i-cal Datasets & Per-for-
 []


Underfull \hbox (badness 10000) in paragraph at lines 865--866
[]\OT1/ptm/m/n/10.03749 Reliable bench-mark-ing is foun-da-tional to
 []


Underfull \hbox (badness 7925) in paragraph at lines 865--866
\OT1/ptm/m/n/10.03749 progress in ma-chine learn-ing. How-ever, our
 []


Underfull \hbox (badness 1442) in paragraph at lines 865--866
\OT1/ptm/m/n/10.03749 ecosys-tem pow-er-ing der-ma-to-log-i-cal FSL. While
 []


Underfull \hbox (badness 2564) in paragraph at lines 865--866
\OT1/ptm/m/n/10.03749 learn-ing, the spe-cific re-quire-ments of \OT1/ptm/m/it/
10.03749 few-shot
 []


Underfull \hbox (badness 4779) in paragraph at lines 865--866
\OT1/ptm/m/n/10.03749 learn-ing have el-e-vated a dif-fer-ent dataset to
 []

<images/dataset_usage_chart.png, id=525, 246.6816pt x 246.6816pt>
File: images/dataset_usage_chart.png Graphic file (type png)
<use images/dataset_usage_chart.png>
Package pdftex.def Info: images/dataset_usage_chart.png  used on input line 874
.
(pdftex.def)             Requested size: 191.47864pt x 191.48491pt.
[16 <./images/dataset_usage_chart.png>]
Overfull \hbox (1.11896pt too wide) in paragraph at lines 894--894
[]|\OT1/ptm/m/n/8.03 Dermoscopy| 
 []


Overfull \hbox (1.11896pt too wide) in paragraph at lines 895--895
[]|\OT1/ptm/m/n/8.03 Dermoscopy| 
 []


Overfull \hbox (1.11896pt too wide) in paragraph at lines 896--896
[]|\OT1/ptm/m/n/8.03 Dermoscopy| 
 []


Underfull \hbox (badness 10000) in paragraph at lines 897--898
[]|\OT1/ptm/m/n/8.03 Real-world testbed
 []


Overfull \hbox (1.11896pt too wide) in paragraph at lines 898--898
[]|\OT1/ptm/m/n/8.03 Dermoscopy| 
 []


Underfull \hbox (badness 10000) in paragraph at lines 898--899
[]|\OT1/ptm/m/n/8.03 Foundation Model
 []


Underfull \hbox (badness 1694) in paragraph at lines 899--900
[]|\OT1/ptm/m/n/8.03 Cross-domain Tar-get
 []


Overfull \hbox (1.11896pt too wide) in paragraph at lines 900--900
[]|\OT1/ptm/m/n/8.03 Dermoscopy| 
 []


Underfull \hbox (badness 10000) in paragraph at lines 901--901
[]|\OT1/ptm/m/n/8.03 Mixed
 []


Overfull \hbox (9.6868pt too wide) in paragraph at lines 902--902
[]|\OT1/ptm/m/n/8.03 Histopathology| 
 []


Underfull \hbox (badness 10000) in paragraph at lines 902--903
[]|\OT1/ptm/m/n/8.03 Resource-limited
 []

[17] [18]
Underfull \hbox (badness 1755) in paragraph at lines 944--945
[]\OT1/ptm/m/n/10.03749 For \OT1/ptm/b/n/10.03749 par-tial credit \OT1/ptm/m/n/
10.03749 (1 point): pre-trained
 []


Underfull \hbox (badness 6842) in paragraph at lines 944--945
\OT1/ptm/m/n/10.03749 weights avail-able with-out full train-ing
 []

<images/open_science_stats.png, id=552, 246.6816pt x 246.6816pt>
File: images/open_science_stats.png Graphic file (type png)
<use images/open_science_stats.png>
Package pdftex.def Info: images/open_science_stats.png  used on input line 954.

(pdftex.def)             Requested size: 212.7555pt x 212.76309pt.
<images/evidence_map.png, id=554, 246.6816pt x 246.6816pt>
File: images/evidence_map.png Graphic file (type png)
<use images/evidence_map.png>
Package pdftex.def Info: images/evidence_map.png  used on input line 970.
(pdftex.def)             Requested size: 212.7555pt x 212.76309pt.
[19 <./images/open_science_stats.png>] [20 <./images/evidence_map.png>]
Underfull \hbox (badness 10000) in paragraph at lines 1005--1005
 \OT1/ptm/b/n/11.04124 5.4. Fu-ture Di-rec-tions: The 2026--2030
 []


Underfull \hbox (badness 1442) in paragraph at lines 1019--1020
[]\OT1/ptm/b/n/10.03749 Mandatory Fair-ness Met-rics \OT1/ptm/m/n/10.03749 re-p
ort-ing
 []


Underfull \hbox (badness 4582) in paragraph at lines 1026--1027
[]\OT1/ptm/b/n/10.03749 Uncertainty Quan-tifi-ca-tion: \OT1/ptm/m/n/10.03749 Do
es the
 []


Underfull \hbox (badness 10000) in paragraph at lines 1026--1027
\OT1/ptm/m/n/10.03749 model pro-vide cal-i-brated con-fi-dence
 []


Underfull \hbox (badness 10000) in paragraph at lines 1026--1027
\OT1/ptm/m/n/10.03749 scores? Has con-for-mal pre-dic-tion or
 []


Underfull \hbox (badness 1939) in paragraph at lines 1032--1033
[]\OT1/ptm/b/n/10.03749 Explainability Mod-ule: \OT1/ptm/m/n/10.03749 Does the 
sys-
 []


Underfull \hbox (badness 10000) in paragraph at lines 1033--1034
[]\OT1/ptm/b/n/10.03749 Failure Mode Anal-y-sis: \OT1/ptm/m/n/10.03749 Has the
 []


Underfull \hbox (badness 10000) in paragraph at lines 1046--1046
[]|\OT1/ptm/m/n/7.02625 High com-plex-ity of meta-
 []


Underfull \hbox (badness 5741) in paragraph at lines 1046--1046
\OT1/ptm/m/n/7.02625 heuristics, Gen-er-a-tive over-head,
 []


Underfull \hbox (badness 10000) in paragraph at lines 1046--1047
[]|\OT1/ptm/m/n/7.02625 Develop lightweight meta-
 []


Underfull \hbox (badness 10000) in paragraph at lines 1046--1047
\OT1/ptm/m/n/7.02625 learning; use knowl-edge
 []


Underfull \hbox (badness 10000) in paragraph at lines 1046--1047
\OT1/ptm/m/n/7.02625 dis-til-la-tion; de-ploy on-device
 []


Underfull \hbox (badness 10000) in paragraph at lines 1048--1048
[]|\OT1/ptm/m/n/7.02625 Lower per-for-mance on cross-
 []


Underfull \hbox (badness 10000) in paragraph at lines 1048--1048
\OT1/ptm/m/n/7.02625 domain tests, do-main gap
 []


Underfull \hbox (badness 3579) in paragraph at lines 1048--1048
\OT1/ptm/m/n/7.02625 seg-men-ta-tion do-main adap-ta-tion
 []


Underfull \hbox (badness 1552) in paragraph at lines 1048--1049
\OT1/ptm/m/n/7.02625 tion; test on smartphone-quality
 []


Underfull \hbox (badness 3635) in paragraph at lines 1050--1050
\OT1/ptm/m/n/7.02625 mance, ac-cu-racy drop on rare
 []


Underfull \hbox (badness 1924) in paragraph at lines 1050--1050
[]|\OT1/ptm/m/n/7.02625 Hu 2025, Xiao 2023, Ma-ha-jan
 []


Underfull \hbox (badness 6141) in paragraph at lines 1052--1053
\OT1/ptm/m/n/7.02625 de-velop syn-thetic data shar-ing
 []


Underfull \hbox (badness 3679) in paragraph at lines 1054--1054
[]|\OT1/ptm/m/n/7.02625 Calibration & Ro-bust-
 []


Underfull \hbox (badness 4013) in paragraph at lines 1054--1054
\OT1/ptm/m/n/7.02625 tions, cal-i-bra-tion as-sumes base
 []


Underfull \hbox (badness 10000) in paragraph at lines 1054--1055
[]|\OT1/ptm/m/n/7.02625 Improve self-supervised pre-
 []


Underfull \hbox (badness 10000) in paragraph at lines 1054--1055
\OT1/ptm/m/n/7.02625 training; in-te-grate con-for-mal
 []


Underfull \hbox (badness 4792) in paragraph at lines 1054--1055
\OT1/ptm/m/n/7.02625 pre-dic-tion; de-velop noise-robust
 []


Underfull \hbox (badness 5741) in paragraph at lines 1057--1057
\OT1/ptm/m/n/7.02625 men-tal learn-ing, over-fit-ting on
 []


Underfull \hbox (badness 1577) in paragraph at lines 1057--1058
[]|\OT1/ptm/m/n/7.02625 Explore con-tin-ual meta-learning;
 []


Underfull \hbox (badness 7168) in paragraph at lines 1059--1059
[]|\OT1/ptm/m/n/7.02625 Near-zero Fitz-patrick re-port-ing,
 []


Underfull \hbox (badness 2922) in paragraph at lines 1059--1060
[]|\OT1/ptm/m/n/7.02625 Adopt eS-kin-Health and di-verse
 []


Underfull \hbox (badness 10000) in paragraph at lines 1065--1066
[]\OT1/ptm/m/n/10.03749 We ex-plic-itly ac-knowl-edge the fol-low-ing
 []


Underfull \hbox (badness 2393) in paragraph at lines 1068--1069
\OT1/ptm/m/n/10.03749 Due to the het-ero-gene-ity of eval-u-a-tion pro-to-
 []

[21]
Underfull \hbox (badness 1406) in paragraph at lines 1071--1072
\OT1/ptm/m/n/10.03749 im-ple-mented test-retest re-li-a-bil-ity checks ($\OML/c
mm/m/it/10 ^^T \OT1/cmr/m/n/10 =
 []

<images/prisma_flow_diagram.png, id=585, 246.6816pt x 246.6816pt>
File: images/prisma_flow_diagram.png Graphic file (type png)
<use images/prisma_flow_diagram.png>
Package pdftex.def Info: images/prisma_flow_diagram.png  used on input line 108
7.
(pdftex.def)             Requested size: 212.7555pt x 212.76309pt.

Underfull \hbox (badness 2460) in paragraph at lines 1097--1098
[]\OT1/ptm/m/n/10.03749 Clinically, how-ever, sig-nif-i-cant bar-ri-ers pre-
 []

[22]
Underfull \hbox (badness 10000) in paragraph at lines 1112--1113
[]\OT1/zi4/m/n/10.03749 ("few-shot learning"[Title/Abstract]
 []


Underfull \hbox (badness 10000) in paragraph at lines 1112--1113
\OT1/zi4/m/n/10.03749 OR "meta-learning"[Title/Abstract])
 []


Underfull \hbox (badness 10000) in paragraph at lines 1112--1113
\OT1/zi4/m/n/10.03749 AND ("skin"[Title/Abstract] OR
 []


Underfull \hbox (badness 10000) in paragraph at lines 1112--1113
\OT1/zi4/m/n/10.03749 "dermatology"[Title/Abstract] OR
 []


Underfull \hbox (badness 7379) in paragraph at lines 1115--1116
[]\OT1/zi4/m/n/10.03749 TITLE-ABS-KEY ( ( "few-shot" OR
 []


Underfull \hbox (badness 2503) in paragraph at lines 1121--1122
[]\OT1/zi4/m/n/10.03749 ("few-shot" OR "meta-learning") AND
 []


Underfull \hbox (badness 1478) in paragraph at lines 1135--1136
[]\OT1/ptm/m/n/10.03749 S. Li, X. Li, X. Xu, and K. T. Cheng,
 []


Underfull \hbox (badness 8170) in paragraph at lines 1137--1138
[]\OT1/ptm/m/n/10.03749 A. No-man \OT1/ptm/m/it/10.03749 et al.\OT1/ptm/m/n/10.
03749 , ``FEG-GNN: Feature-
 []


Underfull \hbox (badness 1490) in paragraph at lines 1139--1140
[]\OT1/ptm/m/n/10.03749 M. []Ozdemir \OT1/ptm/m/it/10.03749 et al.\OT1/ptm/m/n/
10.03749 , ``Meta-Transfer Derm-
 []

[23 <./images/prisma_flow_diagram.png>]
Underfull \hbox (badness 1502) in paragraph at lines 1142--1143
\OT1/ptm/m/n/10.03749 ing with Ad-ver-sar-ial Fea-ture Hal-lu-ci-na-tion
 []


Underfull \hbox (badness 2469) in paragraph at lines 1150--1151
[]\OT1/ptm/m/n/10.03749 W. Wang \OT1/ptm/m/it/10.03749 et al.\OT1/ptm/m/n/10.03
749 , ``Med-i-cal Tu-mor Im-age
 []


Underfull \hbox (badness 10000) in paragraph at lines 1151--1152
\OT1/ptm/m/n/10.03749 ``Hy-brid un-su-per-vised rep-re-sen-ta-tion
 []


Underfull \hbox (badness 10000) in paragraph at lines 1151--1152
\OT1/ptm/m/n/10.03749 learn-ing and pseudo-label su-per-vised
 []


Underfull \hbox (badness 10000) in paragraph at lines 1151--1152
\OT1/ptm/m/n/10.03749 self-distillation for rare dis-ease imag-ing
 []


Underfull \hbox (badness 3407) in paragraph at lines 1151--1152
\OT1/ptm/m/n/10.03749 im-bal-ance cor-rec-tion,'' \OT1/ptm/m/it/10.03749 Med. I
m-age Anal.\OT1/ptm/m/n/10.03749 ,
 []


Underfull \hbox (badness 10000) in paragraph at lines 1151--1152
[]$\OT1/ptm/m/n/10.03749 https : \OML/cmm/m/it/10 ==\OT1/ptm/m/n/10.03749 githu
b\OML/cmm/m/it/10 :\OT1/ptm/m/n/10.03749 com\OML/cmm/m/it/10 =\OT1/ptm/m/n/10.0
3749 jinghanSunr\OML/cmm/m/it/10 =\OT1/ptm/m/n/10.03749 Hybrid -[]
 []


Underfull \hbox (badness 10000) in paragraph at lines 1151--1152
\OT1/ptm/m/n/10.03749 Representation -[] Learning -[] Approach -[] for -[] Rare
 -[]
 []


Underfull \hbox (badness 1635) in paragraph at lines 1155--1156
[]\OT1/ptm/m/n/10.03749 K. Lee \OT1/ptm/m/it/10.03749 et al.\OT1/ptm/m/n/10.037
49 , ``Multi-Task and Few-Shot
 []


Underfull \hbox (badness 1859) in paragraph at lines 1159--1160
[]\OT1/ptm/m/n/10.03749 Y. Wang \OT1/ptm/m/it/10.03749 et al.\OT1/ptm/m/n/10.03
749 , ``Cross-Domain Few-Shot
 []


Underfull \vbox (badness 10000) has occurred while \output is active []


Overfull \hbox (7.98732pt too wide) in paragraph at lines 1165--1166
\OML/cmm/m/it/10 ==\OT1/ptm/m/n/10.03749 github\OML/cmm/m/it/10 :\OT1/ptm/m/n/1
0.03749 com\OML/cmm/m/it/10 =\OT1/ptm/m/n/10.03749 zwwews\OML/cmm/m/it/10 =\OT1
/ptm/m/n/10.03749 TemperatureNetwork\OML/cmm/m/it/10 :\OT1/ptm/m/n/10.03749 git
$[] 
 []


Underfull \hbox (badness 2573) in paragraph at lines 1168--1169
[]\OT1/ptm/m/n/10.03749 K. Ma-ha-jan \OT1/ptm/m/it/10.03749 et al.\OT1/ptm/m/n/
10.03749 , ``Meta-DermDiagnosis:
 []


Underfull \hbox (badness 1490) in paragraph at lines 1169--1170
[]\OT1/ptm/m/n/10.03749 J. Zhang \OT1/ptm/m/it/10.03749 et al.\OT1/ptm/m/n/10.0
3749 , ``ST-MetaDiagnosis: Meta
 []

** WARNING: \IEEEbiography is locked out when in conference mode (line 1174).

** Conference Paper **
Before submitting the final camera ready copy, remember to:

 1. Manually equalize the lengths of two columns on the last page
 of your paper;

 2. Ensure that any PostScript and/or PDF output post-processing
 uses only Type 1 fonts and that every step in the generation
 process uses the appropriate paper size.

[24] (./mainTemplate_JIKI.aux)
 ***********
LaTeX2e <2023-11-01> patch level 1
L3 programming layer <2024-01-22>
 ***********
Package rerunfilecheck Info: File `mainTemplate_JIKI.out' has not changed.
(rerunfilecheck)             Checksum: 9F9F246057681795DAB07EBAD7AD960A;19932.
 ) 
Here is how much of TeX's memory you used:
 14971 strings out of 476182
 239460 string characters out of 5795594
 1978975 words of memory out of 5000000
 36596 multiletter control sequences out of 15000+600000
 604840 words of font info for 118 fonts, out of 8000000 for 9000
 18 hyphenation exceptions out of 8191
 75i,12n,79p,2266b,576s stack positions out of 10000i,1000n,20000p,200000b,200000s
</usr/share/texlive/texmf-dist/fonts/type1/public/inconsolata/Inconsolata-zi4
r.pfb></usr/share/texlive/texmf-dist/fonts/type1/public/amsfonts/cm/cmex10.pfb>
</usr/share/texlive/texmf-dist/fonts/type1/public/amsfonts/cm/cmmi10.pfb></usr/
share/texlive/texmf-dist/fonts/type1/public/amsfonts/cm/cmmi5.pfb></usr/share/t
exlive/texmf-dist/fonts/type1/public/amsfonts/cm/cmmi7.pfb></usr/share/texlive/
texmf-dist/fonts/type1/public/amsfonts/cm/cmmi8.pfb></usr/share/texlive/texmf-d
ist/fonts/type1/public/amsfonts/cm/cmmi9.pfb></usr/share/texlive/texmf-dist/fon
ts/type1/public/amsfonts/cm/cmr10.pfb></usr/share/texlive/texmf-dist/fonts/type
1/public/amsfonts/cm/cmr7.pfb></usr/share/texlive/texmf-dist/fonts/type1/public
/amsfonts/cm/cmr8.pfb></usr/share/texlive/texmf-dist/fonts/type1/public/amsfont
s/cm/cmsy10.pfb></usr/share/texlive/texmf-dist/fonts/type1/public/amsfonts/cm/c
msy5.pfb></usr/share/texlive/texmf-dist/fonts/type1/public/amsfonts/cm/cmsy7.pf
b></usr/share/texlive/texmf-dist/fonts/type1/urw/times/utmb8a.pfb></usr/share/t
exlive/texmf-dist/fonts/type1/urw/times/utmr8a.pfb></usr/share/texlive/texmf-di
st/fonts/type1/urw/times/utmri8a.pfb>
Output written on mainTemplate_JIKI.pdf (24 pages, 3344698 bytes).
PDF statistics:
 722 PDF objects out of 1000 (max. 8388607)
 650 compressed objects within 7 object streams
 172 named destinations out of 1000 (max. 500000)
 684 words of extra memory for PDF output out of 10000 (max. 10000000)

