This is pdfTeX, Version 3.141592653-2.6-1.40.25 (TeX Live 2023/Debian) (preloaded format=pdflatex 2025.12.30)  31 DEC 2025 11:06
entering extended mode
 restricted \write18 enabled.
 %&-line parsing enabled.
**access.tex
(./access.tex
LaTeX2e <2023-11-01> patch level 1
L3 programming layer <2024-01-22>
(./ieeeaccess.cls (./IEEEtran.cls
Document Class: IEEEtran 2015/08/26 V1.8b by Michael Shell
-- See the "IEEEtran_HOWTO" manual for usage information.
-- http://www.michaelshell.org/tex/ieeetran/
\@IEEEtrantmpdimenA=\dimen140
\@IEEEtrantmpdimenB=\dimen141
\@IEEEtrantmpdimenC=\dimen142
\@IEEEtrantmpcountA=\count187
\@IEEEtrantmpcountB=\count188
\@IEEEtrantmpcountC=\count189
\@IEEEtrantmptoksA=\toks17
LaTeX Font Info:    Trying to load font information for OT1+ptm on input line 5
03.
(/usr/share/texlive/texmf-dist/tex/latex/psnfss/ot1ptm.fd
File: ot1ptm.fd 2001/06/04 font definitions for OT1/ptm.
)
-- Using 8.5in x 11in (letter) paper.
-- Using PDF output.
\@IEEEnormalsizeunitybaselineskip=\dimen143
-- This is a 10 point document.
\CLASSINFOnormalsizebaselineskip=\dimen144
\CLASSINFOnormalsizeunitybaselineskip=\dimen145
\IEEEnormaljot=\dimen146
LaTeX Font Info:    Font shape `OT1/ptm/bx/n' in size <5> not available
(Font)              Font shape `OT1/ptm/b/n' tried instead on input line 1090.
LaTeX Font Info:    Font shape `OT1/ptm/bx/it' in size <5> not available
(Font)              Font shape `OT1/ptm/b/it' tried instead on input line 1090.

LaTeX Font Info:    Font shape `OT1/ptm/bx/n' in size <7> not available
(Font)              Font shape `OT1/ptm/b/n' tried instead on input line 1090.
LaTeX Font Info:    Font shape `OT1/ptm/bx/it' in size <7> not available
(Font)              Font shape `OT1/ptm/b/it' tried instead on input line 1090.

LaTeX Font Info:    Font shape `OT1/ptm/bx/n' in size <8> not available
(Font)              Font shape `OT1/ptm/b/n' tried instead on input line 1090.
LaTeX Font Info:    Font shape `OT1/ptm/bx/it' in size <8> not available
(Font)              Font shape `OT1/ptm/b/it' tried instead on input line 1090.

LaTeX Font Info:    Font shape `OT1/ptm/bx/n' in size <9> not available
(Font)              Font shape `OT1/ptm/b/n' tried instead on input line 1090.
LaTeX Font Info:    Font shape `OT1/ptm/bx/it' in size <9> not available
(Font)              Font shape `OT1/ptm/b/it' tried instead on input line 1090.

LaTeX Font Info:    Font shape `OT1/ptm/bx/n' in size <10> not available
(Font)              Font shape `OT1/ptm/b/n' tried instead on input line 1090.
LaTeX Font Info:    Font shape `OT1/ptm/bx/it' in size <10> not available
(Font)              Font shape `OT1/ptm/b/it' tried instead on input line 1090.

LaTeX Font Info:    Font shape `OT1/ptm/bx/n' in size <11> not available
(Font)              Font shape `OT1/ptm/b/n' tried instead on input line 1090.
LaTeX Font Info:    Font shape `OT1/ptm/bx/it' in size <11> not available
(Font)              Font shape `OT1/ptm/b/it' tried instead on input line 1090.

LaTeX Font Info:    Font shape `OT1/ptm/bx/n' in size <12> not available
(Font)              Font shape `OT1/ptm/b/n' tried instead on input line 1090.
LaTeX Font Info:    Font shape `OT1/ptm/bx/it' in size <12> not available
(Font)              Font shape `OT1/ptm/b/it' tried instead on input line 1090.

LaTeX Font Info:    Font shape `OT1/ptm/bx/n' in size <17> not available
(Font)              Font shape `OT1/ptm/b/n' tried instead on input line 1090.
LaTeX Font Info:    Font shape `OT1/ptm/bx/it' in size <17> not available
(Font)              Font shape `OT1/ptm/b/it' tried instead on input line 1090.

LaTeX Font Info:    Font shape `OT1/ptm/bx/n' in size <20> not available
(Font)              Font shape `OT1/ptm/b/n' tried instead on input line 1090.
LaTeX Font Info:    Font shape `OT1/ptm/bx/it' in size <20> not available
(Font)              Font shape `OT1/ptm/b/it' tried instead on input line 1090.

LaTeX Font Info:    Font shape `OT1/ptm/bx/n' in size <24> not available
(Font)              Font shape `OT1/ptm/b/n' tried instead on input line 1090.
LaTeX Font Info:    Font shape `OT1/ptm/bx/it' in size <24> not available
(Font)              Font shape `OT1/ptm/b/it' tried instead on input line 1090.

\IEEEquantizedlength=\dimen147
\IEEEquantizedlengthdiff=\dimen148
\IEEEquantizedtextheightdiff=\dimen149
\IEEEilabelindentA=\dimen150
\IEEEilabelindentB=\dimen151
\IEEEilabelindent=\dimen152
\IEEEelabelindent=\dimen153
\IEEEdlabelindent=\dimen154
\IEEElabelindent=\dimen155
\IEEEiednormlabelsep=\dimen156
\IEEEiedmathlabelsep=\dimen157
\IEEEiedtopsep=\skip48
\c@section=\count190
\c@subsection=\count191
\c@subsubsection=\count192
\c@paragraph=\count193
\c@IEEEsubequation=\count194
\abovecaptionskip=\skip49
\belowcaptionskip=\skip50
\c@figure=\count195
\c@table=\count196
\@IEEEeqnnumcols=\count197
\@IEEEeqncolcnt=\count198
\@IEEEsubeqnnumrollback=\count199
\@IEEEquantizeheightA=\dimen158
\@IEEEquantizeheightB=\dimen159
\@IEEEquantizeheightC=\dimen160
\@IEEEquantizeprevdepth=\dimen161
\@IEEEquantizemultiple=\count266
\@IEEEquantizeboxA=\box51
\@IEEEtmpitemindent=\dimen162
\IEEEPARstartletwidth=\dimen163
\c@IEEEbiography=\count267
\@IEEEtranrubishbin=\box52
) (/usr/share/texlive/texmf-dist/tex/generic/iftex/ifpdf.sty
Package: ifpdf 2019/10/25 v3.4 ifpdf legacy package. Use iftex instead.

(/usr/share/texlive/texmf-dist/tex/generic/iftex/iftex.sty
Package: iftex 2022/02/03 v1.0f TeX engine tests
))
(/usr/share/texlive/texmf-dist/tex/latex/xkeyval/xkeyval.sty
Package: xkeyval 2022/06/16 v2.9 package option processing (HA)

(/usr/share/texlive/texmf-dist/tex/generic/xkeyval/xkeyval.tex
(/usr/share/texlive/texmf-dist/tex/generic/xkeyval/xkvutils.tex
\XKV@toks=\toks18
\XKV@tempa@toks=\toks19

(/usr/share/texlive/texmf-dist/tex/generic/xkeyval/keyval.tex))
\XKV@depth=\count268
File: xkeyval.tex 2014/12/03 v2.7a key=value parser (HA)
)){/var/lib/texmf/fonts/map/pdftex/updmap/pdftex.map}

pdfTeX warning: pdflatex (file t1-times.map): cannot open font map file


pdfTeX warning: pdflatex (file t1-formata.map): cannot open font map file


pdfTeX warning: pdflatex (file t1-giovannistd.map): cannot open font map file
\@draftversionrule=\dimen164
(/usr/share/texlive/texmf-dist/tex/latex/graphics/color.sty
Package: color 2022/01/06 v1.3d Standard LaTeX Color (DPC)

(/usr/share/texlive/texmf-dist/tex/latex/graphics-cfg/color.cfg
File: color.cfg 2016/01/02 v1.6 sample color configuration
)
Package color Info: Driver file: pdftex.def on input line 149.

(/usr/share/texlive/texmf-dist/tex/latex/graphics-def/pdftex.def
File: pdftex.def 2022/09/22 v1.2b Graphics/color driver for pdftex
)
(/usr/share/texlive/texmf-dist/tex/latex/graphics/mathcolor.ltx))
(./spotcolor.sty
Package: spotcolor 2006/11/15 v1.2 Package for adding Spot Color support to pdf
LaTeX.
 (/usr/share/texlive/texmf-dist/tex/latex/graphics/graphics.sty
Package: graphics 2022/03/10 v1.4e Standard LaTeX Graphics (DPC,SPQR)
(/usr/share/texlive/texmf-dist/tex/latex/graphics/trig.sty
Package: trig 2021/08/11 v1.11 sin cos tan (DPC)
)
(/usr/share/texlive/texmf-dist/tex/latex/graphics-cfg/graphics.cfg
File: graphics.cfg 2016/06/04 v1.11 sample graphics configuration
)
Package graphics Info: Driver file: pdftex.def on input line 107.
)
\thecolorprofile=\count269
\thecolor=\count270
)
\PANTONE=\toks20
Package color Info: Redefining color black on input line 134.
\figbox=\box53
\titlewidth=\skip51
\abstractwidth=\skip52
\c@addrCtr=\count271
\abstractbox=\box54
\indexbox=\box55
\absht=\dimen165
\kwdht=\dimen166
\@tempcntc=\count272
\titlepgskip=\skip53
\maketitlebox=\box56
)
(/usr/share/texlive/texmf-dist/tex/latex/base/fontenc.sty
Package: fontenc 2021/04/29 v2.0v Standard LaTeX package
LaTeX Font Info:    Trying to load font information for T1+ptm on input line 11
2.

(/usr/share/texlive/texmf-dist/tex/latex/psnfss/t1ptm.fd
File: t1ptm.fd 2001/06/04 font definitions for T1/ptm.
))
(/usr/share/texmf/tex/latex/lm/lmodern.sty
Package: lmodern 2015/05/01 v1.6.1 Latin Modern Fonts
LaTeX Font Info:    Overwriting symbol font `operators' in version `normal'
(Font)                  OT1/cmr/m/n --> OT1/lmr/m/n on input line 22.
LaTeX Font Info:    Overwriting symbol font `letters' in version `normal'
(Font)                  OML/cmm/m/it --> OML/lmm/m/it on input line 23.
LaTeX Font Info:    Overwriting symbol font `symbols' in version `normal'
(Font)                  OMS/cmsy/m/n --> OMS/lmsy/m/n on input line 24.
LaTeX Font Info:    Overwriting symbol font `largesymbols' in version `normal'
(Font)                  OMX/cmex/m/n --> OMX/lmex/m/n on input line 25.
LaTeX Font Info:    Overwriting symbol font `operators' in version `bold'
(Font)                  OT1/cmr/bx/n --> OT1/lmr/bx/n on input line 26.
LaTeX Font Info:    Overwriting symbol font `letters' in version `bold'
(Font)                  OML/cmm/b/it --> OML/lmm/b/it on input line 27.
LaTeX Font Info:    Overwriting symbol font `symbols' in version `bold'
(Font)                  OMS/cmsy/b/n --> OMS/lmsy/b/n on input line 28.
LaTeX Font Info:    Overwriting symbol font `largesymbols' in version `bold'
(Font)                  OMX/cmex/m/n --> OMX/lmex/m/n on input line 29.
LaTeX Font Info:    Overwriting math alphabet `\mathbf' in version `normal'
(Font)                  OT1/cmr/bx/n --> OT1/lmr/bx/n on input line 31.
LaTeX Font Info:    Overwriting math alphabet `\mathsf' in version `normal'
(Font)                  OT1/cmss/m/n --> OT1/lmss/m/n on input line 32.
LaTeX Font Info:    Overwriting math alphabet `\mathit' in version `normal'
(Font)                  OT1/cmr/m/it --> OT1/lmr/m/it on input line 33.
LaTeX Font Info:    Overwriting math alphabet `\mathtt' in version `normal'
(Font)                  OT1/cmtt/m/n --> OT1/lmtt/m/n on input line 34.
LaTeX Font Info:    Overwriting math alphabet `\mathbf' in version `bold'
(Font)                  OT1/cmr/bx/n --> OT1/lmr/bx/n on input line 35.
LaTeX Font Info:    Overwriting math alphabet `\mathsf' in version `bold'
(Font)                  OT1/cmss/bx/n --> OT1/lmss/bx/n on input line 36.
LaTeX Font Info:    Overwriting math alphabet `\mathit' in version `bold'
(Font)                  OT1/cmr/bx/it --> OT1/lmr/bx/it on input line 37.
LaTeX Font Info:    Overwriting math alphabet `\mathtt' in version `bold'
(Font)                  OT1/cmtt/m/n --> OT1/lmtt/m/n on input line 38.
)
(/usr/share/texlive/texmf-dist/tex/latex/cite/cite.sty
LaTeX Info: Redefining \cite on input line 302.
LaTeX Info: Redefining \nocite on input line 332.
Package: cite 2015/02/27  v 5.5
)
(/usr/share/texlive/texmf-dist/tex/latex/amsmath/amsmath.sty
Package: amsmath 2023/05/13 v2.17o AMS math features
\@mathmargin=\skip54

For additional information on amsmath, use the `?' option.
(/usr/share/texlive/texmf-dist/tex/latex/amsmath/amstext.sty
Package: amstext 2021/08/26 v2.01 AMS text

(/usr/share/texlive/texmf-dist/tex/latex/amsmath/amsgen.sty
File: amsgen.sty 1999/11/30 v2.0 generic functions
\@emptytoks=\toks21
\ex@=\dimen167
))
(/usr/share/texlive/texmf-dist/tex/latex/amsmath/amsbsy.sty
Package: amsbsy 1999/11/29 v1.2d Bold Symbols
\pmbraise@=\dimen168
)
(/usr/share/texlive/texmf-dist/tex/latex/amsmath/amsopn.sty
Package: amsopn 2022/04/08 v2.04 operator names
)
\inf@bad=\count273
LaTeX Info: Redefining \frac on input line 234.
\uproot@=\count274
\leftroot@=\count275
LaTeX Info: Redefining \overline on input line 399.
LaTeX Info: Redefining \colon on input line 410.
\classnum@=\count276
\DOTSCASE@=\count277
LaTeX Info: Redefining \ldots on input line 496.
LaTeX Info: Redefining \dots on input line 499.
LaTeX Info: Redefining \cdots on input line 620.
\Mathstrutbox@=\box57
\strutbox@=\box58
LaTeX Info: Redefining \big on input line 722.
LaTeX Info: Redefining \Big on input line 723.
LaTeX Info: Redefining \bigg on input line 724.
LaTeX Info: Redefining \Bigg on input line 725.
\big@size=\dimen169
LaTeX Font Info:    Redeclaring font encoding OML on input line 743.
LaTeX Font Info:    Redeclaring font encoding OMS on input line 744.
\macc@depth=\count278
LaTeX Info: Redefining \bmod on input line 905.
LaTeX Info: Redefining \pmod on input line 910.
LaTeX Info: Redefining \smash on input line 940.
LaTeX Info: Redefining \relbar on input line 970.
LaTeX Info: Redefining \Relbar on input line 971.
\c@MaxMatrixCols=\count279
\dotsspace@=\muskip16
\c@parentequation=\count280
\dspbrk@lvl=\count281
\tag@help=\toks22
\row@=\count282
\column@=\count283
\maxfields@=\count284
\andhelp@=\toks23
\eqnshift@=\dimen170
\alignsep@=\dimen171
\tagshift@=\dimen172
\tagwidth@=\dimen173
\totwidth@=\dimen174
\lineht@=\dimen175
\@envbody=\toks24
\multlinegap=\skip55
\multlinetaggap=\skip56
\mathdisplay@stack=\toks25
LaTeX Info: Redefining \[ on input line 2953.
LaTeX Info: Redefining \] on input line 2954.
)
(/usr/share/texlive/texmf-dist/tex/latex/amsfonts/amssymb.sty
Package: amssymb 2013/01/14 v3.01 AMS font symbols

(/usr/share/texlive/texmf-dist/tex/latex/amsfonts/amsfonts.sty
Package: amsfonts 2013/01/14 v3.01 Basic AMSFonts support
\symAMSa=\mathgroup4
\symAMSb=\mathgroup5
LaTeX Font Info:    Redeclaring math symbol \hbar on input line 98.
LaTeX Font Info:    Overwriting math alphabet `\mathfrak' in version `bold'
(Font)                  U/euf/m/n --> U/euf/b/n on input line 106.
))
(./algorithmic.sty
Package: algorithmic 2009/08/24 v1.0 Algorithmic style
)
(/usr/share/texlive/texmf-dist/tex/latex/graphics/graphicx.sty
Package: graphicx 2021/09/16 v1.2d Enhanced LaTeX Graphics (DPC,SPQR)
\Gin@req@height=\dimen176
\Gin@req@width=\dimen177
)
(/usr/share/texlive/texmf-dist/tex/latex/base/textcomp.sty
Package: textcomp 2020/02/02 v2.0n Standard LaTeX package
)
(/usr/share/texlive/texmf-dist/tex/latex/url/url.sty
\Urlmuskip=\muskip17
Package: url 2013/09/16  ver 3.4  Verb mode for urls, etc.
)
\xfigwd=\dimen178
LaTeX Font Info:    Trying to load font information for T1+lmr on input line 15
.

(/usr/share/texmf/tex/latex/lm/t1lmr.fd
File: t1lmr.fd 2015/05/01 v1.6.1 Font defs for Latin Modern
)
(/usr/share/texlive/texmf-dist/tex/latex/l3backend/l3backend-pdftex.def
File: l3backend-pdftex.def 2024-01-04 L3 backend support: PDF output (pdfTeX)
\l__color_backend_stack_int=\count285
\l__pdf_internal_box=\box59
)
(./access.aux)
\openout1 = `access.aux'.

LaTeX Font Info:    Checking defaults for OML/cmm/m/it on input line 15.
LaTeX Font Info:    ... okay on input line 15.
LaTeX Font Info:    Checking defaults for OMS/cmsy/m/n on input line 15.
LaTeX Font Info:    ... okay on input line 15.
LaTeX Font Info:    Checking defaults for OT1/cmr/m/n on input line 15.
LaTeX Font Info:    ... okay on input line 15.
LaTeX Font Info:    Checking defaults for T1/cmr/m/n on input line 15.
LaTeX Font Info:    ... okay on input line 15.
LaTeX Font Info:    Checking defaults for TS1/cmr/m/n on input line 15.
LaTeX Font Info:    ... okay on input line 15.
LaTeX Font Info:    Checking defaults for OMX/cmex/m/n on input line 15.
LaTeX Font Info:    ... okay on input line 15.
LaTeX Font Info:    Checking defaults for U/cmr/m/n on input line 15.
LaTeX Font Info:    ... okay on input line 15.

-- Lines per column: 56 (exact).

LaTeX Font Warning: Font shape `T1/lmr/n/n' undefined
(Font)              using `T1/lmr/m/n' instead on input line 15.

(/usr/share/texlive/texmf-dist/tex/context/base/mkii/supp-pdf.mkii
[Loading MPS to PDF converter (version 2006.09.02).]
\scratchcounter=\count286
\scratchdimen=\dimen179
\scratchbox=\box60
\nofMPsegments=\count287
\nofMParguments=\count288
\everyMPshowfont=\toks26
\MPscratchCnt=\count289
\MPscratchDim=\dimen180
\MPnumerator=\count290
\makeMPintoPDFobject=\count291
\everyMPtoPDFconversion=\toks27
) (/usr/share/texlive/texmf-dist/tex/latex/epstopdf-pkg/epstopdf-base.sty
Package: epstopdf-base 2020-01-24 v2.11 Base part for package epstopdf
Package epstopdf-base Info: Redefining graphics rule for `.eps' on input line 4
85.

(/usr/share/texlive/texmf-dist/tex/latex/latexconfig/epstopdf-sys.cfg
File: epstopdf-sys.cfg 2010/07/13 v1.3 Configuration of (r)epstopdf for TeX Liv
e
))
<bullet.png, id=3, 12.045pt x 35.38219pt>
File: bullet.png Graphic file (type png)
<use bullet.png>
Package pdftex.def Info: bullet.png  used on input line 33.
(pdftex.def)             Requested size: 5.0pt x 14.6871pt.
LaTeX Font Info:    Trying to load font information for T1+lmss on input line 3
3.

(/usr/share/texmf/tex/latex/lm/t1lmss.fd
File: t1lmss.fd 2015/05/01 v1.6.1 Font defs for Latin Modern
)

LaTeX Font Warning: Font shape `T1/lmss/n/n' undefined
(Font)              using `T1/lmss/m/n' instead on input line 33.

LaTeX Font Info:    Font shape `T1/lmss/b/n' in size <10> not available
(Font)              Font shape `T1/lmss/bx/n' tried instead on input line 33.
File: bullet.png Graphic file (type png)
<use bullet.png>
Package pdftex.def Info: bullet.png  used on input line 37.
(pdftex.def)             Requested size: 5.0pt x 14.6871pt.
LaTeX Font Info:    Font shape `T1/lmss/b/n' in size <22> not available
(Font)              Font shape `T1/lmss/bx/n' tried instead on input line 43.
LaTeX Font Info:    Font shape `T1/lmss/b/n' in size <9.9> not available
(Font)              Font shape `T1/lmss/bx/n' tried instead on input line 43.
LaTeX Font Info:    Calculating math sizes for size <9.9> on input line 43.
LaTeX Font Info:    Trying to load font information for OT1+lmr on input line 4
3.
(/usr/share/texmf/tex/latex/lm/ot1lmr.fd
File: ot1lmr.fd 2015/05/01 v1.6.1 Font defs for Latin Modern
)
LaTeX Font Info:    Trying to load font information for OML+lmm on input line 4
3.

(/usr/share/texmf/tex/latex/lm/omllmm.fd
File: omllmm.fd 2015/05/01 v1.6.1 Font defs for Latin Modern
)
LaTeX Font Info:    Trying to load font information for OMS+lmsy on input line 
43.

(/usr/share/texmf/tex/latex/lm/omslmsy.fd
File: omslmsy.fd 2015/05/01 v1.6.1 Font defs for Latin Modern
)
LaTeX Font Info:    Trying to load font information for OMX+lmex on input line 
43.

(/usr/share/texmf/tex/latex/lm/omxlmex.fd
File: omxlmex.fd 2015/05/01 v1.6.1 Font defs for Latin Modern
)
LaTeX Font Info:    External font `lmex10' loaded for size
(Font)              <9.9> on input line 43.
LaTeX Font Info:    External font `lmex10' loaded for size
(Font)              <6.92996> on input line 43.
LaTeX Font Info:    External font `lmex10' loaded for size
(Font)              <4.95> on input line 43.
LaTeX Font Info:    Trying to load font information for U+msa on input line 43.


(/usr/share/texlive/texmf-dist/tex/latex/amsfonts/umsa.fd
File: umsa.fd 2013/01/14 v3.01 AMS symbols A
)
LaTeX Font Info:    Trying to load font information for U+msb on input line 43.


(/usr/share/texlive/texmf-dist/tex/latex/amsfonts/umsb.fd
File: umsb.fd 2013/01/14 v3.01 AMS symbols B
)
LaTeX Font Info:    Font shape `T1/lmss/b/n' in size <6.92996> not available
(Font)              Font shape `T1/lmss/bx/n' tried instead on input line 43.
LaTeX Font Info:    Calculating math sizes for size <6.6> on input line 43.
LaTeX Font Info:    External font `lmex10' loaded for size
(Font)              <6.6> on input line 43.
LaTeX Font Info:    External font `lmex10' loaded for size
(Font)              <4.61998> on input line 43.
LaTeX Font Info:    External font `lmex10' loaded for size
(Font)              <3.3> on input line 43.

Overfull \hbox (9.2679pt too wide) in paragraph at lines 43--43
[]  
 []


Overfull \hbox (9.2679pt too wide) in paragraph at lines 43--43
[]  
 []

LaTeX Font Info:    External font `lmex10' loaded for size
(Font)              <10> on input line 43.
LaTeX Font Info:    External font `lmex10' loaded for size
(Font)              <7> on input line 43.
LaTeX Font Info:    External font `lmex10' loaded for size
(Font)              <5> on input line 43.
LaTeX Font Info:    Font shape `T1/lmss/b/n' in size <9> not available
(Font)              Font shape `T1/lmss/bx/n' tried instead on input line 45.
<Logo.png, id=4, 206.27063pt x 53.44969pt>
File: Logo.png Graphic file (type png)
<use Logo.png>
Package pdftex.def Info: Logo.png  used on input line 50.
(pdftex.def)             Requested size: 91.32pt x 23.66309pt.

Overfull \hbox (505.12177pt too wide) has occurred while \output is active
[]
 []


Overfull \hbox (505.12177pt too wide) has occurred while \output is active
[]
 []


Overfull \hbox (505.12177pt too wide) has occurred while \output is active
[]
 []


Underfull \hbox (badness 10000) has occurred while \output is active
[]
 []

[1{/usr/share/texmf/fonts/enc/dvips/lm/lm-ec.enc}


 <./Logo.png> <./bullet.png>]
LaTeX Font Info:    Font shape `T1/lmss/b/sl' in size <9> not available
(Font)              Font shape `T1/lmss/bx/sl' tried instead on input line 57.
<publication_trend_chart.png, id=19, 246.6816pt x 246.6816pt>
File: publication_trend_chart.png Graphic file (type png)
<use publication_trend_chart.png>
Package pdftex.def Info: publication_trend_chart.png  used on input line 62.
(pdftex.def)             Requested size: 218.40471pt x 218.40918pt.
LaTeX Font Info:    Font shape `T1/lmss/b/n' in size <7> not available
(Font)              Font shape `T1/lmss/bx/n' tried instead on input line 63.
<notaglineLogo.png, id=20, 169.38281pt x 42.91031pt>
File: notaglineLogo.png Graphic file (type png)
<use notaglineLogo.png>
Package pdftex.def Info: notaglineLogo.png  used on input line 74.
(pdftex.def)             Requested size: 91.32pt x 23.1352pt.

Overfull \hbox (505.12177pt too wide) has occurred while \output is active
[]
 []


Overfull \hbox (505.12177pt too wide) has occurred while \output is active
[]
 []


Underfull \hbox (badness 10000) has occurred while \output is active
[]
 []

[2{/usr/share/texmf/fonts/enc/dvips/lm/lm-mathit.enc} <./notaglineLogo.png> <./
publication_trend_chart.png>]
Underfull \hbox (badness 1997) in paragraph at lines 80--81
\T1/lmr/n/n/10 Net-work), and \T1/lmr/b/n/10 HGRE \T1/lmr/n/n/10 (Hy-per-bolic 
Geometry-
 []


Underfull \hbox (badness 3701) in paragraph at lines 80--81
\T1/lmr/n/n/10 Driven Ro-bust-ness En-hance-ment), elu-ci-dat-ing
 []


Underfull \hbox (badness 1735) in paragraph at lines 98--99
[]\T1/lmr/b/n/10 RQ0 (Pri-mary): \T1/lmr/n/n/10 How have Few-Shot Learn-ing
 []


Underfull \hbox (badness 2970) in paragraph at lines 101--102
[]\T1/lmr/b/n/10 RQ3 (Method-olog-i-cal Tax-on-omy): \T1/lmr/n/n/10 Which FSL
 []


Underfull \hbox (badness 10000) in paragraph at lines 101--102
\T1/lmr/n/n/10 paradigms dom-i-nate the land-scape (metric-
 []


Underfull \hbox (badness 10000) in paragraph at lines 101--102
\T1/lmr/n/n/10 based, optimization-based/meta-learning,
 []


Underfull \hbox (badness 10000) in paragraph at lines 101--102
\T1/lmr/n/n/10 ar-chi-tec-tures (trans-form-ers, prompt-based
 []

File: notaglineLogo.png Graphic file (type png)
<use notaglineLogo.png>
Package pdftex.def Info: notaglineLogo.png  used on input line 106.
(pdftex.def)             Requested size: 91.32pt x 23.1352pt.

Overfull \hbox (505.12177pt too wide) has occurred while \output is active
[]
 []


Overfull \hbox (505.12177pt too wide) has occurred while \output is active
[]
 []


Underfull \hbox (badness 10000) has occurred while \output is active
[]
 []

[3{/usr/share/texmf/fonts/enc/dvips/lm/lm-mathsy.enc}]
LaTeX Font Info:    External font `lmex10' loaded for size
(Font)              <8> on input line 130.
LaTeX Font Info:    External font `lmex10' loaded for size
(Font)              <6> on input line 130.

Underfull \hbox (badness 10000) in paragraph at lines 139--139
[]\T1/lmr/m/n/8 After
 []


Underfull \hbox (badness 10000) in paragraph at lines 151--152
[]\T1/lmr/b/n/10 Intervention (I): Fo-cus: \T1/lmr/n/n/10 Few-Shot Learn-ing
 []


Underfull \hbox (badness 4013) in paragraph at lines 151--152
\T1/lmr/n/n/10 (FSL) and Meta-Learning tech-niques (Metric-
 []


Underfull \hbox (badness 10000) in paragraph at lines 151--152
\T1/lmr/n/n/10 based, Optimization-based MAML, and
 []


Underfull \hbox (badness 1755) in paragraph at lines 152--153
\T1/lmr/n/n/10 la-bel bud-get), Self-supervised pre-training, and
 []


Underfull \hbox (badness 2990) in paragraph at lines 154--155
[]\T1/lmr/b/n/10 Context (C): Time-frame: \T1/lmr/n/n/10 2020--2025. \T1/lmr/b/
n/10 Set-tings:
 []


Underfull \hbox (badness 5908) in paragraph at lines 161--162
[]\T1/lmr/b/n/10 IC2 (Do-main & Task): \T1/lmr/n/n/10 Ad-dresses skin dis-
 []

File: notaglineLogo.png Graphic file (type png)
<use notaglineLogo.png>
Package pdftex.def Info: notaglineLogo.png  used on input line 165.
(pdftex.def)             Requested size: 91.32pt x 23.1352pt.

Overfull \hbox (505.12177pt too wide) has occurred while \output is active
[]
 []


Overfull \hbox (505.12177pt too wide) has occurred while \output is active
[]
 []


Underfull \hbox (badness 10000) has occurred while \output is active
[]
 []

[4{/usr/share/texmf/fonts/enc/dvips/lm/lm-rm.enc}]
Underfull \hbox (badness 2005) in paragraph at lines 178--179
\T1/lmr/n/n/10 ies (hair re-moval, ar-ti-fact re-duc-tion) with-out
 []


LaTeX Font Warning: Font shape `T1/lmss/n/sl' undefined
(Font)              using `T1/lmss/n/n' instead on input line 248.


LaTeX Font Warning: Font shape `T1/lmss/n/it' undefined
(Font)              using `T1/lmss/n/sl' instead on input line 248.


Underfull \hbox (badness 4168) in paragraph at lines 251--252
[]\T1/lmr/b/n/10 Methodological Sig-nif-i-cance: \T1/lmr/n/n/10 It rep-re-sents
 one
 []


Underfull \hbox (badness 1796) in paragraph at lines 251--252
\T1/lmr/n/n/10 order op-ti-miza-tion strat-egy that ex-plic-itly ad-
 []

File: notaglineLogo.png Graphic file (type png)
<use notaglineLogo.png>
Package pdftex.def Info: notaglineLogo.png  used on input line 253.
(pdftex.def)             Requested size: 91.32pt x 23.1352pt.

Overfull \hbox (505.12177pt too wide) has occurred while \output is active
[]
 []


Overfull \hbox (505.12177pt too wide) has occurred while \output is active
[]
 []


Underfull \hbox (badness 10000) has occurred while \output is active
[]
 []

[5]
Underfull \hbox (badness 5490) in paragraph at lines 253--254
\T1/lmr/n/n/10 the tran-si-tion from gen-eral meta-learning to
 []


LaTeX Font Warning: Font shape `T1/lmss/n/it' undefined
(Font)              using `T1/lmss/n/sl' instead on input line 256.


Underfull \hbox (badness 2486) in paragraph at lines 270--271
[]\T1/lmr/b/n/10 Data Rigor ($\OML/lmm/m/it/10 QA[]$\T1/lmr/b/n/10 --$\OML/lmm/
m/it/10 QA[]$\T1/lmr/b/n/10 ): \T1/lmr/n/n/10 Does the study use
 []


Underfull \hbox (badness 7326) in paragraph at lines 270--271
\T1/lmr/n/n/10 a pub-lic dataset (2pts)? Is the data split
 []


Underfull \hbox (badness 1762) in paragraph at lines 287--288
[]\T1/lmr/n/n/10 Our au-dit re-vealed a solid method-olog-i-cal stan-
 []


Overfull \hbox (1.7176pt too wide) in paragraph at lines 300--300
[]\T1/lmr/m/n/7 2025| 
 []


Underfull \hbox (badness 10000) in paragraph at lines 300--300
[]\T1/lmr/m/n/7 Transfer (Subcluster-
 []


Overfull \hbox (1.7176pt too wide) in paragraph at lines 302--302
[]\T1/lmr/m/n/7 2025| 
 []


Underfull \hbox (badness 10000) in paragraph at lines 302--302
[]\T1/lmr/m/n/7 Hybrid (AC-
 []


Overfull \hbox (1.42773pt too wide) in paragraph at lines 302--302
\T1/lmr/m/n/7 Net+GNN+ECA+GRU)| 
 []


Overfull \hbox (1.7176pt too wide) in paragraph at lines 303--303
[]\T1/lmr/m/n/7 2025| 
 []


Underfull \hbox (badness 10000) in paragraph at lines 303--303
[]\T1/lmr/m/n/7 Hybrid (Met-
 []


Underfull \hbox (badness 10000) in paragraph at lines 303--303
[]\T1/lmr/m/n/7 SD-198 (4-way),
 []


Overfull \hbox (1.7176pt too wide) in paragraph at lines 304--304
[]\T1/lmr/m/n/7 2025| 
 []


Underfull \hbox (badness 10000) in paragraph at lines 304--304
[]\T1/lmr/m/n/7 SD-198, Derm7pt,
 []


Underfull \hbox (badness 10000) in paragraph at lines 304--304
[]\T1/lmr/m/n/7 Meta-Transfer
 []


Overfull \hbox (19.37376pt too wide) in paragraph at lines 304--304
[]\T1/lmr/m/n/7 Promised*| 
 []


Overfull \hbox (1.7176pt too wide) in paragraph at lines 305--305
[]\T1/lmr/m/n/7 2025| 
 []


Underfull \hbox (badness 10000) in paragraph at lines 305--305
[]\T1/lmr/m/n/7 Hybrid (Gen-er-a-
 []


Overfull \hbox (1.7176pt too wide) in paragraph at lines 307--307
[]\T1/lmr/m/n/7 2024| 
 []


Underfull \hbox (badness 10000) in paragraph at lines 307--307
[]\T1/lmr/m/n/7 SD-198, Derm7pt,
 []


Overfull \hbox (1.7176pt too wide) in paragraph at lines 310--310
[]\T1/lmr/m/n/7 2024| 
 []


Underfull \hbox (badness 10000) in paragraph at lines 310--310
[]\T1/lmr/m/n/7 Hybrid (Fea-ture
 []


Underfull \hbox (badness 10000) in paragraph at lines 310--310
[]\T1/lmr/m/n/7 Derm104 (SD-
 []


Overfull \hbox (1.7176pt too wide) in paragraph at lines 311--311
[]\T1/lmr/m/n/7 2024| 
 []


Underfull \hbox (badness 10000) in paragraph at lines 311--311
[]\T1/lmr/m/n/7 Optimization
 []


Underfull \hbox (badness 10000) in paragraph at lines 311--311
[]\T1/lmr/m/n/7 BreakHis (Bi-nary),
 []


Overfull \hbox (2.439pt too wide) in paragraph at lines 311--311
[]\T1/lmr/m/n/7 Binary,
 []


Underfull \hbox (badness 10000) in paragraph at lines 311--311
\T1/lmr/m/n/7 7-
 []


Overfull \hbox (1.7176pt too wide) in paragraph at lines 312--312
[]\T1/lmr/m/n/7 2023| 
 []


Underfull \hbox (badness 10000) in paragraph at lines 312--312
[]\T1/lmr/m/n/7 Hybrid (FS-
 []


Underfull \hbox (badness 10000) in paragraph at lines 312--312
[]\T1/lmr/m/n/7 cate-ISIC-3$[]$
 []


Underfull \hbox (badness 10000) in paragraph at lines 312--312
[]\T1/lmr/m/n/7 FS3DCIoT
 []


Overfull \hbox (1.7176pt too wide) in paragraph at lines 313--313
[]\T1/lmr/m/n/7 2023| 
 []


Underfull \hbox (badness 10000) in paragraph at lines 313--313
[]\T1/lmr/m/n/7 Hybrid (Met-
 []


Underfull \hbox (badness 10000) in paragraph at lines 313--313
[]\T1/lmr/m/n/7 SNU Hos-pi-tal
 []


Overfull \hbox (2.93843pt too wide) in paragraph at lines 313--313
\T1/lmr/m/n/7 (RGB+Fluorescence)| 
 []


Underfull \hbox (badness 10000) in paragraph at lines 313--313
[]\T1/lmr/m/n/7 3-
 []


Underfull \hbox (badness 10000) in paragraph at lines 313--313
[]\T1/lmr/m/n/7 K-
 []


Underfull \hbox (badness 10000) in paragraph at lines 313--313
\T1/lmr/m/n/7 shot:
 []


Overfull \hbox (1.7176pt too wide) in paragraph at lines 314--314
[]\T1/lmr/m/n/7 2022| 
 []


Underfull \hbox (badness 10000) in paragraph at lines 314--314
[]\T1/lmr/m/n/7 Cross-Domain
 []


Underfull \hbox (badness 10000) in paragraph at lines 314--314
\T1/lmr/m/n/7 Meta-Learning
 []


Underfull \hbox (badness 10000) in paragraph at lines 314--314
[]\T1/lmr/m/n/7 1
 []


Overfull \hbox (1.7176pt too wide) in paragraph at lines 315--315
[]\T1/lmr/m/n/7 2022| 
 []


Underfull \hbox (badness 10000) in paragraph at lines 315--315
[]\T1/lmr/m/n/7 Metric (Subspace+Bi-
 []


Overfull \hbox (14.1957pt too wide) in paragraph at lines 315--315
[]\T1/lmr/m/n/7 1,3,5,10,15| 
 []


Overfull \hbox (1.7176pt too wide) in paragraph at lines 317--317
[]\T1/lmr/m/n/7 2021| 
 []


Underfull \hbox (badness 4608) in paragraph at lines 317--317
[]\T1/lmr/m/n/7 Hybrid (Ro-bust Meta-
 []


Overfull \hbox (1.7176pt too wide) in paragraph at lines 318--318
[]\T1/lmr/m/n/7 2021| 
 []


Underfull \hbox (badness 10000) in paragraph at lines 318--318
[]\T1/lmr/m/n/7 Metric (Temperature-
 []


Underfull \hbox (badness 10000) in paragraph at lines 318--318
[]\T1/lmr/m/n/7 Dermnet (334-
 []


Underfull \hbox (badness 10000) in paragraph at lines 318--318
\T1/lmr/m/n/7 class sub-set),
 []


Underfull \hbox (badness 10000) in paragraph at lines 318--318
[]\T1/lmr/m/n/7 Temperature
 []


Overfull \hbox (1.7176pt too wide) in paragraph at lines 319--319
[]\T1/lmr/m/n/7 2020| 
 []


Underfull \hbox (badness 2846) in paragraph at lines 319--319
[]\T1/lmr/m/n/7 Reptile+G-Conv vs
 []


Overfull \hbox (1.7176pt too wide) in paragraph at lines 320--320
[]\T1/lmr/m/n/7 2020| 
 []


Underfull \hbox (badness 10000) in paragraph at lines 320--320
[]\T1/lmr/m/n/7 Optimization (Spa-tial
 []


Underfull \hbox (badness 10000) in paragraph at lines 320--320
[]\T1/lmr/m/n/7 4
 []


Underfull \hbox (badness 10000) in paragraph at lines 320--320
\T1/lmr/m/n/7 / 3
 []


Overfull \hbox (1.83624pt too wide) in paragraph at lines 295--324
 [][] 
 []

File: notaglineLogo.png Graphic file (type png)
<use notaglineLogo.png>
Package pdftex.def Info: notaglineLogo.png  used on input line 332.
(pdftex.def)             Requested size: 91.32pt x 23.1352pt.

Overfull \hbox (505.12177pt too wide) has occurred while \output is active
[]
 []


Overfull \hbox (505.12177pt too wide) has occurred while \output is active
[]
 []


Underfull \hbox (badness 10000) has occurred while \output is active
[]
 []

[6]
<n_way_k_shot_diagram.png, id=48, 246.6816pt x 246.6816pt>
File: n_way_k_shot_diagram.png Graphic file (type png)
<use n_way_k_shot_diagram.png>
Package pdftex.def Info: n_way_k_shot_diagram.png  used on input line 348.
(pdftex.def)             Requested size: 242.67355pt x 242.6798pt.
<fsl_taxonomy_tree.png, id=49, 246.6816pt x 246.6816pt>
File: fsl_taxonomy_tree.png Graphic file (type png)
<use fsl_taxonomy_tree.png>
Package pdftex.def Info: fsl_taxonomy_tree.png  used on input line 357.
(pdftex.def)             Requested size: 505.12177pt x 505.1698pt.
File: notaglineLogo.png Graphic file (type png)
<use notaglineLogo.png>
Package pdftex.def Info: notaglineLogo.png  used on input line 364.
(pdftex.def)             Requested size: 91.32pt x 23.1352pt.

Overfull \hbox (505.12177pt too wide) has occurred while \output is active
[]
 []


Overfull \hbox (505.12177pt too wide) has occurred while \output is active
[]
 []


Underfull \hbox (badness 10000) has occurred while \output is active
[]
 []

[7]
Underfull \hbox (badness 1762) in paragraph at lines 368--369
[]\T1/lmr/b/n/10 Relation Net-works \T1/lmr/n/n/10 ex-tend this by re-plac-ing 
the
 []

File: notaglineLogo.png Graphic file (type png)
<use notaglineLogo.png>
Package pdftex.def Info: notaglineLogo.png  used on input line 377.
(pdftex.def)             Requested size: 91.32pt x 23.1352pt.

Overfull \hbox (505.12177pt too wide) has occurred while \output is active
[]
 []


Overfull \hbox (505.12177pt too wide) has occurred while \output is active
[]
 []


Underfull \hbox (badness 10000) has occurred while \output is active
[]
 []

[8 <./n_way_k_shot_diagram.png>]
Underfull \hbox (badness 3849) in paragraph at lines 379--380
\T1/lmr/n/n/10 An early ex-plo-ration in optimization-based meta-
 []


Underfull \hbox (badness 1394) in paragraph at lines 379--380
\T1/lmr/n/n/10 der-matofi-broma) for meta-testing. While the pa-per
 []


Underfull \vbox (badness 4660) has occurred while \output is active []


Underfull \vbox (badness 10000) has occurred while \output is active []

File: notaglineLogo.png Graphic file (type png)
<use notaglineLogo.png>
Package pdftex.def Info: notaglineLogo.png  used on input line 380.
(pdftex.def)             Requested size: 91.32pt x 23.1352pt.

Overfull \hbox (505.12177pt too wide) has occurred while \output is active
[]
 []


Overfull \hbox (505.12177pt too wide) has occurred while \output is active
[]
 []


Underfull \hbox (badness 10000) has occurred while \output is active
[]
 []

[9 <./fsl_taxonomy_tree.png>]
File: notaglineLogo.png Graphic file (type png)
<use notaglineLogo.png>
Package pdftex.def Info: notaglineLogo.png  used on input line 397.
(pdftex.def)             Requested size: 91.32pt x 23.1352pt.

Overfull \hbox (505.12177pt too wide) has occurred while \output is active
[]
 []


Overfull \hbox (505.12177pt too wide) has occurred while \output is active
[]
 []


Underfull \hbox (badness 10000) has occurred while \output is active
[]
 []

[10{/usr/share/texmf/fonts/enc/dvips/lm/lm-mathex.enc}]
Underfull \hbox (badness 1383) in paragraph at lines 410--411
\T1/lmr/n/n/10 Studies em-ploy-ing gen-er-a-tive aug-men-ta-tion with-out
 []

File: notaglineLogo.png Graphic file (type png)
<use notaglineLogo.png>
Package pdftex.def Info: notaglineLogo.png  used on input line 426.
(pdftex.def)             Requested size: 91.32pt x 23.1352pt.

Overfull \hbox (505.12177pt too wide) has occurred while \output is active
[]
 []


Overfull \hbox (505.12177pt too wide) has occurred while \output is active
[]
 []


Underfull \hbox (badness 10000) has occurred while \output is active
[]
 []

[11]
Underfull \hbox (badness 3713) in paragraph at lines 439--440
[]\T1/lmr/n/n/10 Another sig-nif-i-cant transfer-learning ap-proach is
 []

File: notaglineLogo.png Graphic file (type png)
<use notaglineLogo.png>
Package pdftex.def Info: notaglineLogo.png  used on input line 440.
(pdftex.def)             Requested size: 91.32pt x 23.1352pt.

Overfull \hbox (505.12177pt too wide) has occurred while \output is active
[]
 []


Overfull \hbox (505.12177pt too wide) has occurred while \output is active
[]
 []


Underfull \hbox (badness 10000) has occurred while \output is active
[]
 []

[12]
Underfull \hbox (badness 10000) in paragraph at lines 449--449
[]\T1/lmr/m/n/8 Distance learn-ing in
 []


Underfull \hbox (badness 4518) in paragraph at lines 449--449
[]\T1/lmr/m/n/8 ProtoNet, FEG-GNN [2],
 []


Underfull \hbox (badness 10000) in paragraph at lines 450--450
[]\T1/lmr/m/n/8 Optimization-
 []


Underfull \hbox (badness 10000) in paragraph at lines 450--450
[]\T1/lmr/m/n/8 Fast adap-ta-tion via
 []


Underfull \hbox (badness 10000) in paragraph at lines 450--450
[]\T1/lmr/m/n/8 MAML, ST-
 []


Underfull \hbox (badness 10000) in paragraph at lines 450--450
\T1/lmr/m/n/8 MetaDiagnosis [16],
 []


Underfull \hbox (badness 4634) in paragraph at lines 450--451
[]\T1/lmr/m/n/8 Learns ini-tial-iza-tion for rapid
 []


Underfull \hbox (badness 10000) in paragraph at lines 451--451
[]\T1/lmr/m/n/8 Synthetic data
 []


Underfull \hbox (badness 10000) in paragraph at lines 453--453
[]\T1/lmr/m/n/8 Pre-trained back-bone
 []


Underfull \hbox (badness 10000) in paragraph at lines 453--454
[]\T1/lmr/m/n/8 Uses Im-a-geNet or domain-
 []


Underfull \hbox (badness 10000) in paragraph at lines 454--454
[]\T1/lmr/m/n/8 Advanced
 []


Underfull \hbox (badness 10000) in paragraph at lines 454--454
[]\T1/lmr/m/n/8 HGRE [3], AFHN [5],
 []


Underfull \hbox (badness 2368) in paragraph at lines 454--455
[]\T1/lmr/m/n/8 Integrates hy-per-bolic ge-om-e-try
 []


Underfull \hbox (badness 10000) in paragraph at lines 454--455
\T1/lmr/m/n/8 with ad-ver-sar-ial proxy
 []


Underfull \hbox (badness 10000) in paragraph at lines 454--455
\T1/lmr/m/n/8 con-struc-tion (HGRE), hy-brid
 []


Underfull \hbox (badness 10000) in paragraph at lines 454--455
\T1/lmr/m/n/8 fea-ture hal-lu-ci-na-tion via
 []


Underfull \hbox (badness 10000) in paragraph at lines 454--455
\T1/lmr/m/n/8 cWGAN-GP + Pro-toNet
 []


Underfull \hbox (badness 10000) in paragraph at lines 454--455
\T1/lmr/m/n/8 (AFHN), or gated graph
 []


Underfull \hbox (badness 10000) in paragraph at lines 454--455
\T1/lmr/m/n/8 net-works with hi-er-ar-chi-cal
 []


Underfull \hbox (badness 10000) in paragraph at lines 455--455
[]\T1/lmr/m/n/8 Comparative
 []


Underfull \hbox (badness 2012) in paragraph at lines 459--460
\T1/lmr/n/n/10 fer-ent FSL fam-i-lies. Sim-i-larly, \T1/lmr/b/n/10 FEG-GNN \T1/
lmr/n/n/10 (Feature-
 []

File: notaglineLogo.png Graphic file (type png)
<use notaglineLogo.png>
Package pdftex.def Info: notaglineLogo.png  used on input line 472.
(pdftex.def)             Requested size: 91.32pt x 23.1352pt.

Overfull \hbox (505.12177pt too wide) has occurred while \output is active
[]
 []


Overfull \hbox (505.12177pt too wide) has occurred while \output is active
[]
 []


Underfull \hbox (badness 10000) has occurred while \output is active
[]
 []

[13]
Underfull \vbox (badness 10000) has occurred while \output is active []

<dataset_usage_chart.png, id=77, 246.6816pt x 246.6816pt>
File: dataset_usage_chart.png Graphic file (type png)
<use dataset_usage_chart.png>
Package pdftex.def Info: dataset_usage_chart.png  used on input line 489.
(pdftex.def)             Requested size: 218.40471pt x 218.40918pt.
File: notaglineLogo.png Graphic file (type png)
<use notaglineLogo.png>
Package pdftex.def Info: notaglineLogo.png  used on input line 496.
(pdftex.def)             Requested size: 91.32pt x 23.1352pt.

Overfull \hbox (505.12177pt too wide) has occurred while \output is active
[]
 []


Overfull \hbox (505.12177pt too wide) has occurred while \output is active
[]
 []


Underfull \hbox (badness 10000) has occurred while \output is active
[]
 []

[14]
Underfull \hbox (badness 10000) in paragraph at lines 508--509
[]\T1/lmr/m/n/8 Meta-train/test
 []


Overfull \hbox (5.43253pt too wide) in paragraph at lines 509--509
[]\T1/lmr/m/n/8 Dermoscopy| 
 []


Overfull \hbox (5.43253pt too wide) in paragraph at lines 510--510
[]\T1/lmr/m/n/8 Dermoscopy| 
 []


Underfull \hbox (badness 10000) in paragraph at lines 510--511
[]\T1/lmr/m/n/8 Metric/Hybrid
 []


Overfull \hbox (5.43253pt too wide) in paragraph at lines 511--511
[]\T1/lmr/m/n/8 Dermoscopy| 
 []


Underfull \hbox (badness 10000) in paragraph at lines 512--513
\T1/lmr/m/n/8 (sub-set used for
 []


Overfull \hbox (5.43253pt too wide) in paragraph at lines 513--513
[]\T1/lmr/m/n/8 Dermoscopy| 
 []


Underfull \hbox (badness 10000) in paragraph at lines 514--514
[]\T1/lmr/m/n/8 Mixed
 []


Overfull \hbox (1.23415pt too wide) in paragraph at lines 514--514
\T1/lmr/m/n/8 (Nat/Med)| 
 []


Underfull \hbox (badness 10000) in paragraph at lines 514--515
[]\T1/lmr/m/n/8 Segmentation
 []

File: notaglineLogo.png Graphic file (type png)
<use notaglineLogo.png>
Package pdftex.def Info: notaglineLogo.png  used on input line 536.
(pdftex.def)             Requested size: 91.32pt x 23.1352pt.

Overfull \hbox (505.12177pt too wide) has occurred while \output is active
[]
 []


Overfull \hbox (505.12177pt too wide) has occurred while \output is active
[]
 []


Underfull \hbox (badness 10000) has occurred while \output is active
[]
 []

[15 <./dataset_usage_chart.png>]
File: notaglineLogo.png Graphic file (type png)
<use notaglineLogo.png>
Package pdftex.def Info: notaglineLogo.png  used on input line 547.
(pdftex.def)             Requested size: 91.32pt x 23.1352pt.

Overfull \hbox (505.12177pt too wide) has occurred while \output is active
[]
 []


Overfull \hbox (505.12177pt too wide) has occurred while \output is active
[]
 []


Underfull \hbox (badness 10000) has occurred while \output is active
[]
 []

[16]
<open_science_stats.png, id=88, 246.6816pt x 246.6816pt>
File: open_science_stats.png Graphic file (type png)
<use open_science_stats.png>
Package pdftex.def Info: open_science_stats.png  used on input line 566.
(pdftex.def)             Requested size: 242.67355pt x 242.6798pt.
<evidence_map.png, id=89, 246.6816pt x 246.6816pt>
File: evidence_map.png Graphic file (type png)
<use evidence_map.png>
Package pdftex.def Info: evidence_map.png  used on input line 582.
(pdftex.def)             Requested size: 242.67355pt x 242.6798pt.
File: notaglineLogo.png Graphic file (type png)
<use notaglineLogo.png>
Package pdftex.def Info: notaglineLogo.png  used on input line 591.
(pdftex.def)             Requested size: 91.32pt x 23.1352pt.

Overfull \hbox (505.12177pt too wide) has occurred while \output is active
[]
 []


Overfull \hbox (505.12177pt too wide) has occurred while \output is active
[]
 []


Underfull \hbox (badness 10000) has occurred while \output is active
[]
 []

[17 <./open_science_stats.png>]
Underfull \vbox (badness 3148) has occurred while \output is active []

File: notaglineLogo.png Graphic file (type png)
<use notaglineLogo.png>
Package pdftex.def Info: notaglineLogo.png  used on input line 613.
(pdftex.def)             Requested size: 91.32pt x 23.1352pt.

Overfull \hbox (505.12177pt too wide) has occurred while \output is active
[]
 []


Overfull \hbox (505.12177pt too wide) has occurred while \output is active
[]
 []


Underfull \hbox (badness 10000) has occurred while \output is active
[]
 []

[18 <./evidence_map.png>]
Underfull \hbox (badness 1769) in paragraph at lines 631--632
[]\T1/lmr/b/n/10 Mandatory Fair-ness Met-rics \T1/lmr/n/n/10 re-port-ing per-fo
r-
 []


Underfull \hbox (badness 1902) in paragraph at lines 644--645
[]\T1/lmr/b/n/10 Explainability Mod-ule: \T1/lmr/n/n/10 Does the sys-tem pro-
 []


Underfull \hbox (badness 4660) in paragraph at lines 658--658
[]\T1/lmr/m/n/7 High com-plex-ity of meta-
 []


Underfull \hbox (badness 7151) in paragraph at lines 658--659
[]\T1/lmr/m/n/7 Develop lightweight meta-
 []


Underfull \hbox (badness 3354) in paragraph at lines 660--660
\T1/lmr/m/n/7 domain tests, do-main gap
 []


Underfull \hbox (badness 10000) in paragraph at lines 660--660
\T1/lmr/m/n/7 dif-fi-culty, real-world shift
 []


Underfull \hbox (badness 10000) in paragraph at lines 660--660
\T1/lmr/m/n/7 fragility, seg-men-ta-tion
 []


Underfull \hbox (badness 10000) in paragraph at lines 660--660
\T1/lmr/m/n/7 do-main adap-ta-tion
 []


Underfull \hbox (badness 10000) in paragraph at lines 660--661
[]\T1/lmr/m/n/7 Mandate cross-domain
 []


Underfull \hbox (badness 10000) in paragraph at lines 660--661
\T1/lmr/m/n/7 val-i-da-tion; de-velop
 []


Underfull \hbox (badness 10000) in paragraph at lines 660--661
\T1/lmr/m/n/7 domain-adaptive FSL
 []


Underfull \hbox (badness 10000) in paragraph at lines 660--661
\T1/lmr/m/n/7 for both clas-si-fi-ca-tion
 []


Underfull \hbox (badness 3039) in paragraph at lines 660--661
\T1/lmr/m/n/7 and seg-men-ta-tion; test on
 []


Underfull \hbox (badness 2401) in paragraph at lines 662--662
\T1/lmr/m/n/7 rare classes, shal-low back-
 []


Underfull \hbox (badness 5652) in paragraph at lines 666--666
[]\T1/lmr/m/n/7 Calibration & Ro-
 []


Underfull \hbox (badness 10000) in paragraph at lines 666--666
[]\T1/lmr/m/n/7 Self-supervised cal-i-bra-tion
 []


Underfull \hbox (badness 10000) in paragraph at lines 666--666
\T1/lmr/m/n/7 lim-i-ta-tions, cal-i-bra-tion
 []


Underfull \hbox (badness 10000) in paragraph at lines 666--667
\T1/lmr/m/n/7 pre-dic-tion; de-velop noise-
 []


Underfull \hbox (badness 8113) in paragraph at lines 669--669
[]\T1/lmr/m/n/7 Catastrophic for-get-ting in
 []


Underfull \hbox (badness 10000) in paragraph at lines 669--670
[]\T1/lmr/m/n/7 Explore con-tin-ual meta-
 []


Underfull \hbox (badness 10000) in paragraph at lines 669--670
\T1/lmr/m/n/7 learning; use episodic
 []


Underfull \hbox (badness 10000) in paragraph at lines 671--672
[]\T1/lmr/m/n/7 Adopt eS-kin-Health and
 []


Underfull \hbox (badness 10000) in paragraph at lines 671--672
\T1/lmr/m/n/7 di-verse datasets; man-date
 []


Underfull \hbox (badness 10000) in paragraph at lines 671--672
\T1/lmr/m/n/7 Fitz-patrick strat-i-fi-ca-tion;
 []

File: notaglineLogo.png Graphic file (type png)
<use notaglineLogo.png>
Package pdftex.def Info: notaglineLogo.png  used on input line 690.
(pdftex.def)             Requested size: 91.32pt x 23.1352pt.

Overfull \hbox (505.12177pt too wide) has occurred while \output is active
[]
 []


Overfull \hbox (505.12177pt too wide) has occurred while \output is active
[]
 []


Underfull \hbox (badness 10000) has occurred while \output is active
[]
 []

[19]
<prisma_flow_diagram.png, id=100, 246.6816pt x 246.6816pt>
File: prisma_flow_diagram.png Graphic file (type png)
<use prisma_flow_diagram.png>
Package pdftex.def Info: prisma_flow_diagram.png  used on input line 696.
(pdftex.def)             Requested size: 242.67355pt x 242.6798pt.
File: notaglineLogo.png Graphic file (type png)
<use notaglineLogo.png>
Package pdftex.def Info: notaglineLogo.png  used on input line 709.
(pdftex.def)             Requested size: 91.32pt x 23.1352pt.

Overfull \hbox (505.12177pt too wide) has occurred while \output is active
[]
 []


Overfull \hbox (505.12177pt too wide) has occurred while \output is active
[]
 []


Underfull \hbox (badness 10000) has occurred while \output is active
[]
 []

[20 <./prisma_flow_diagram.png>]

LaTeX Font Warning: Font shape `T1/lmr/n/it' undefined
(Font)              using `T1/lmr/n/n' instead on input line 728.

LaTeX Font Info:    Calculating math sizes for size <7.61> on input line 754.
LaTeX Font Info:    External font `lmex10' loaded for size
(Font)              <7.61> on input line 754.
LaTeX Font Info:    External font `lmex10' loaded for size
(Font)              <5.32697> on input line 754.
LaTeX Font Info:    External font `lmex10' loaded for size
(Font)              <3.805> on input line 754.
<a1.png, id=104, 476.78125pt x 526.96875pt>
File: a1.png Graphic file (type png)
<use a1.png>
Package pdftex.def Info: a1.png  used on input line 763.
(pdftex.def)             Requested size: 72.2707pt x 79.87814pt.
File: a1.png Graphic file (type png)
<use a1.png>
Package pdftex.def Info: a1.png  used on input line 763.
(pdftex.def)             Requested size: 72.2707pt x 79.87814pt.
<a2.png, id=108, 450.9347pt x 398.23781pt>
File: a2.png Graphic file (type png)
<use a2.png>
Package pdftex.def Info: a2.png  used on input line 766.
(pdftex.def)             Requested size: 72.26799pt x 63.82265pt.
File: a2.png Graphic file (type png)
<use a2.png>
Package pdftex.def Info: a2.png  used on input line 766.
(pdftex.def)             Requested size: 72.26799pt x 63.82265pt.
<a3.png, id=111, 1173.38374pt x 1174.3875pt>
File: a3.png Graphic file (type png)
<use a3.png>
Package pdftex.def Info: a3.png  used on input line 769.
(pdftex.def)             Requested size: 72.26204pt x 72.32385pt.
File: a3.png Graphic file (type png)
<use a3.png>
Package pdftex.def Info: a3.png  used on input line 769.
(pdftex.def)             Requested size: 72.26204pt x 72.32385pt.
File: bullet.png Graphic file (type png)
<use bullet.png>
Package pdftex.def Info: bullet.png  used on input line 772.
(pdftex.def)             Requested size: 5.0pt x 14.6871pt.
File: notaglineLogo.png Graphic file (type png)
<use notaglineLogo.png>
Package pdftex.def Info: notaglineLogo.png  used on input line 774.
(pdftex.def)             Requested size: 91.32pt x 23.1352pt.

Overfull \hbox (505.12177pt too wide) has occurred while \output is active
[]
 []


Overfull \hbox (505.12177pt too wide) has occurred while \output is active
[]
 []


Underfull \hbox (badness 10000) has occurred while \output is active
[]
 []

[21 <./a1.png> <./a2.png> <./a3.png>] (./access.aux)
 ***********
LaTeX2e <2023-11-01> patch level 1
L3 programming layer <2024-01-22>
 ***********


LaTeX Font Warning: Some font shapes were not available, defaults substituted.

 ) 
Here is how much of TeX's memory you used:
 4902 strings out of 476182
 76838 string characters out of 5795594
 1967975 words of memory out of 5000000
 26785 multiletter control sequences out of 15000+600000
 852702 words of font info for 212 fonts, out of 8000000 for 9000
 14 hyphenation exceptions out of 8191
 72i,12n,79p,2248b,422s stack positions out of 10000i,1000n,20000p,200000b,200000s
</usr/share/texmf/fonts/type1/public/lm/lmb10.pfb></usr/share/texmf/fonts/typ
e1/public/lm/lmbx10.pfb></usr/share/texmf/fonts/type1/public/lm/lmex10.pfb></us
r/share/texmf/fonts/type1/public/lm/lmmi10.pfb></usr/share/texmf/fonts/type1/pu
blic/lm/lmmi5.pfb></usr/share/texmf/fonts/type1/public/lm/lmmi7.pfb></usr/share
/texmf/fonts/type1/public/lm/lmmi8.pfb></usr/share/texmf/fonts/type1/public/lm/
lmr10.pfb></usr/share/texmf/fonts/type1/public/lm/lmr5.pfb></usr/share/texmf/fo
nts/type1/public/lm/lmr6.pfb></usr/share/texmf/fonts/type1/public/lm/lmr7.pfb><
/usr/share/texmf/fonts/type1/public/lm/lmr8.pfb></usr/share/texmf/fonts/type1/p
ublic/lm/lmri10.pfb></usr/share/texmf/fonts/type1/public/lm/lmri7.pfb></usr/sha
re/texmf/fonts/type1/public/lm/lmri8.pfb></usr/share/texmf/fonts/type1/public/l
m/lmss8.pfb></usr/share/texmf/fonts/type1/public/lm/lmss9.pfb></usr/share/texmf
/fonts/type1/public/lm/lmssbo10.pfb></usr/share/texmf/fonts/type1/public/lm/lms
sbx10.pfb></usr/share/texmf/fonts/type1/public/lm/lmsso8.pfb></usr/share/texmf/
fonts/type1/public/lm/lmsy10.pfb></usr/share/texmf/fonts/type1/public/lm/lmsy5.
pfb></usr/share/texmf/fonts/type1/public/lm/lmsy7.pfb>
Output written on access.pdf (21 pages, 4656023 bytes).
PDF statistics:
 229 PDF objects out of 1000 (max. 8388607)
 134 compressed objects within 2 object streams
 0 named destinations out of 1000 (max. 500000)
 110 words of extra memory for PDF output out of 10000 (max. 10000000)

